[2024-12-25T23:25:32.048+0000] {taskinstance.py:1083} INFO - Dependencies all met for <TaskInstance: etl_pipeline.run_currency_exchange_etl manual__2024-12-25T23:25:31.065577+00:00 [queued]>
[2024-12-25T23:25:32.052+0000] {taskinstance.py:1083} INFO - Dependencies all met for <TaskInstance: etl_pipeline.run_currency_exchange_etl manual__2024-12-25T23:25:31.065577+00:00 [queued]>
[2024-12-25T23:25:32.052+0000] {taskinstance.py:1279} INFO - 
--------------------------------------------------------------------------------
[2024-12-25T23:25:32.052+0000] {taskinstance.py:1280} INFO - Starting attempt 1 of 2
[2024-12-25T23:25:32.052+0000] {taskinstance.py:1281} INFO - 
--------------------------------------------------------------------------------
[2024-12-25T23:25:32.064+0000] {taskinstance.py:1300} INFO - Executing <Task(BashOperator): run_currency_exchange_etl> on 2024-12-25 23:25:31.065577+00:00
[2024-12-25T23:25:32.068+0000] {standard_task_runner.py:55} INFO - Started process 48 to run task
[2024-12-25T23:25:32.071+0000] {standard_task_runner.py:82} INFO - Running: ['airflow', 'tasks', 'run', 'etl_pipeline', 'run_currency_exchange_etl', 'manual__2024-12-25T23:25:31.065577+00:00', '--job-id', '11', '--raw', '--subdir', 'DAGS_FOLDER/currency_exchange_dag.py', '--cfg-path', '/tmp/tmpxts1kw7v']
[2024-12-25T23:25:32.072+0000] {standard_task_runner.py:83} INFO - Job 11: Subtask run_currency_exchange_etl
[2024-12-25T23:25:32.085+0000] {warnings.py:109} WARNING - /home/airflow/.local/lib/python3.9/site-packages/airflow/settings.py:249: DeprecationWarning: The sql_alchemy_conn option in [core] has been moved to the sql_alchemy_conn option in [database] - the old setting has been used, but please update your config.
  SQL_ALCHEMY_CONN = conf.get("database", "SQL_ALCHEMY_CONN")

[2024-12-25T23:25:32.107+0000] {task_command.py:388} INFO - Running <TaskInstance: etl_pipeline.run_currency_exchange_etl manual__2024-12-25T23:25:31.065577+00:00 [running]> on host 850d5b62fd10
[2024-12-25T23:25:32.133+0000] {taskinstance.py:1507} INFO - Exporting the following env vars:
AIRFLOW_CTX_DAG_OWNER=airflow
AIRFLOW_CTX_DAG_ID=etl_pipeline
AIRFLOW_CTX_TASK_ID=run_currency_exchange_etl
AIRFLOW_CTX_EXECUTION_DATE=2024-12-25T23:25:31.065577+00:00
AIRFLOW_CTX_TRY_NUMBER=1
AIRFLOW_CTX_DAG_RUN_ID=manual__2024-12-25T23:25:31.065577+00:00
[2024-12-25T23:25:32.133+0000] {subprocess.py:63} INFO - Tmp dir root location: 
 /tmp
[2024-12-25T23:25:32.134+0000] {subprocess.py:75} INFO - Running command: ['/bin/bash', '-c', 'python /opt/airflow/dags/currency_exchange_etl.py']
[2024-12-25T23:25:32.139+0000] {subprocess.py:86} INFO - Output:
[2024-12-25T23:25:32.841+0000] {subprocess.py:93} INFO - USD INR 85.178 2024-12-25 UTC 85.1766 85.181
[2024-12-25T23:25:32.842+0000] {subprocess.py:93} INFO - Error connecting to the database: connection to server at "localhost" (::1), port 5432 failed: Connection refused
[2024-12-25T23:25:32.843+0000] {subprocess.py:93} INFO - 	Is the server running on that host and accepting TCP/IP connections?
[2024-12-25T23:25:32.843+0000] {subprocess.py:93} INFO - connection to server at "localhost" (127.0.0.1), port 5432 failed: Connection refused
[2024-12-25T23:25:32.843+0000] {subprocess.py:93} INFO - 	Is the server running on that host and accepting TCP/IP connections?
[2024-12-25T23:25:32.844+0000] {subprocess.py:93} INFO - 
[2024-12-25T23:25:32.862+0000] {subprocess.py:97} INFO - Command exited with return code 0
[2024-12-25T23:25:32.883+0000] {taskinstance.py:1318} INFO - Marking task as SUCCESS. dag_id=etl_pipeline, task_id=run_currency_exchange_etl, execution_date=20241225T232531, start_date=20241225T232532, end_date=20241225T232532
[2024-12-25T23:25:32.922+0000] {local_task_job.py:208} INFO - Task exited with return code 0
[2024-12-25T23:25:32.932+0000] {taskinstance.py:2578} INFO - 0 downstream tasks scheduled from follow-on schedule check
