[2024-12-26T15:22:11.819+0000] {taskinstance.py:1083} INFO - Dependencies all met for <TaskInstance: etl_pipeline.run_currency_exchange_etl manual__2024-12-26T15:22:10.723748+00:00 [queued]>
[2024-12-26T15:22:11.824+0000] {taskinstance.py:1083} INFO - Dependencies all met for <TaskInstance: etl_pipeline.run_currency_exchange_etl manual__2024-12-26T15:22:10.723748+00:00 [queued]>
[2024-12-26T15:22:11.824+0000] {taskinstance.py:1279} INFO - 
--------------------------------------------------------------------------------
[2024-12-26T15:22:11.824+0000] {taskinstance.py:1280} INFO - Starting attempt 1 of 2
[2024-12-26T15:22:11.824+0000] {taskinstance.py:1281} INFO - 
--------------------------------------------------------------------------------
[2024-12-26T15:22:11.829+0000] {taskinstance.py:1300} INFO - Executing <Task(BashOperator): run_currency_exchange_etl> on 2024-12-26 15:22:10.723748+00:00
[2024-12-26T15:22:11.831+0000] {standard_task_runner.py:55} INFO - Started process 55 to run task
[2024-12-26T15:22:11.833+0000] {standard_task_runner.py:82} INFO - Running: ['airflow', 'tasks', 'run', 'etl_pipeline', 'run_currency_exchange_etl', 'manual__2024-12-26T15:22:10.723748+00:00', '--job-id', '42', '--raw', '--subdir', 'DAGS_FOLDER/currency_exchange_dag.py', '--cfg-path', '/tmp/tmpsta43hcd']
[2024-12-26T15:22:11.833+0000] {standard_task_runner.py:83} INFO - Job 42: Subtask run_currency_exchange_etl
[2024-12-26T15:22:11.840+0000] {warnings.py:109} WARNING - /home/airflow/.local/lib/python3.9/site-packages/airflow/settings.py:249: DeprecationWarning: The sql_alchemy_conn option in [core] has been moved to the sql_alchemy_conn option in [database] - the old setting has been used, but please update your config.
  SQL_ALCHEMY_CONN = conf.get("database", "SQL_ALCHEMY_CONN")

[2024-12-26T15:22:11.863+0000] {task_command.py:388} INFO - Running <TaskInstance: etl_pipeline.run_currency_exchange_etl manual__2024-12-26T15:22:10.723748+00:00 [running]> on host e8b8d3d3a764
[2024-12-26T15:22:11.888+0000] {taskinstance.py:1507} INFO - Exporting the following env vars:
AIRFLOW_CTX_DAG_OWNER=airflow
AIRFLOW_CTX_DAG_ID=etl_pipeline
AIRFLOW_CTX_TASK_ID=run_currency_exchange_etl
AIRFLOW_CTX_EXECUTION_DATE=2024-12-26T15:22:10.723748+00:00
AIRFLOW_CTX_TRY_NUMBER=1
AIRFLOW_CTX_DAG_RUN_ID=manual__2024-12-26T15:22:10.723748+00:00
[2024-12-26T15:22:11.889+0000] {subprocess.py:63} INFO - Tmp dir root location: 
 /tmp
[2024-12-26T15:22:11.889+0000] {subprocess.py:75} INFO - Running command: ['/bin/bash', '-c', 'python /opt/airflow/dags/currency_exchange_etl.py']
[2024-12-26T15:22:11.893+0000] {subprocess.py:86} INFO - Output:
[2024-12-26T15:22:12.187+0000] {subprocess.py:93} INFO - dotenv loaded: True
[2024-12-26T15:22:12.192+0000] {subprocess.py:93} INFO - USD INR 85.234 2024-12-26 UTC 85.2333 85.238
[2024-12-26T15:22:12.195+0000] {subprocess.py:93} INFO - postgres
[2024-12-26T15:22:12.195+0000] {subprocess.py:93} INFO - alpha_vantage
[2024-12-26T15:22:12.195+0000] {subprocess.py:93} INFO - ***
[2024-12-26T15:22:12.195+0000] {subprocess.py:93} INFO - Connected to the database successfully!
[2024-12-26T15:22:12.195+0000] {subprocess.py:93} INFO - Schema and table ensured.
[2024-12-26T15:22:12.195+0000] {subprocess.py:93} INFO - Data inserted successfully!
[2024-12-26T15:22:12.197+0000] {subprocess.py:97} INFO - Command exited with return code 0
[2024-12-26T15:22:12.210+0000] {taskinstance.py:1318} INFO - Marking task as SUCCESS. dag_id=etl_pipeline, task_id=run_currency_exchange_etl, execution_date=20241226T152210, start_date=20241226T152211, end_date=20241226T152212
[2024-12-26T15:22:12.229+0000] {local_task_job.py:208} INFO - Task exited with return code 0
[2024-12-26T15:22:12.238+0000] {taskinstance.py:2578} INFO - 0 downstream tasks scheduled from follow-on schedule check
