[2024-12-25T22:35:38.830+0000] {processor.py:153} INFO - Started process (PID=29) to work on /opt/airflow/dags/currency_exchange_dag.py
[2024-12-25T22:35:38.831+0000] {processor.py:743} INFO - Processing file /opt/airflow/dags/currency_exchange_dag.py for tasks to queue
[2024-12-25T22:35:38.833+0000] {logging_mixin.py:137} INFO - [2024-12-25T22:35:38.833+0000] {dagbag.py:538} INFO - Filling up the DagBag from /opt/airflow/dags/currency_exchange_dag.py
[2024-12-25T22:35:38.844+0000] {processor.py:753} INFO - DAG(s) dict_keys(['etl_pipeline']) retrieved from /opt/airflow/dags/currency_exchange_dag.py
[2024-12-25T22:35:38.857+0000] {logging_mixin.py:137} INFO - [2024-12-25T22:35:38.857+0000] {dag.py:2690} INFO - Sync 1 DAGs
[2024-12-25T22:35:38.868+0000] {logging_mixin.py:137} INFO - [2024-12-25T22:35:38.867+0000] {dag.py:3437} INFO - Setting next_dagrun for etl_pipeline to 2024-12-25T00:00:00+00:00, run_after=2024-12-26T00:00:00+00:00
[2024-12-25T22:35:38.876+0000] {processor.py:175} INFO - Processing /opt/airflow/dags/currency_exchange_dag.py took 0.048 seconds
[2024-12-25T22:36:09.073+0000] {processor.py:153} INFO - Started process (PID=30) to work on /opt/airflow/dags/currency_exchange_dag.py
[2024-12-25T22:36:09.074+0000] {processor.py:743} INFO - Processing file /opt/airflow/dags/currency_exchange_dag.py for tasks to queue
[2024-12-25T22:36:09.074+0000] {logging_mixin.py:137} INFO - [2024-12-25T22:36:09.074+0000] {dagbag.py:538} INFO - Filling up the DagBag from /opt/airflow/dags/currency_exchange_dag.py
[2024-12-25T22:36:09.086+0000] {processor.py:753} INFO - DAG(s) dict_keys(['etl_pipeline']) retrieved from /opt/airflow/dags/currency_exchange_dag.py
[2024-12-25T22:36:09.104+0000] {logging_mixin.py:137} INFO - [2024-12-25T22:36:09.104+0000] {dag.py:2690} INFO - Sync 1 DAGs
[2024-12-25T22:36:09.114+0000] {logging_mixin.py:137} INFO - [2024-12-25T22:36:09.114+0000] {dag.py:3437} INFO - Setting next_dagrun for etl_pipeline to 2024-12-25T00:00:00+00:00, run_after=2024-12-26T00:00:00+00:00
[2024-12-25T22:36:09.120+0000] {processor.py:175} INFO - Processing /opt/airflow/dags/currency_exchange_dag.py took 0.050 seconds
[2024-12-25T22:36:39.401+0000] {processor.py:153} INFO - Started process (PID=31) to work on /opt/airflow/dags/currency_exchange_dag.py
[2024-12-25T22:36:39.401+0000] {processor.py:743} INFO - Processing file /opt/airflow/dags/currency_exchange_dag.py for tasks to queue
[2024-12-25T22:36:39.402+0000] {logging_mixin.py:137} INFO - [2024-12-25T22:36:39.402+0000] {dagbag.py:538} INFO - Filling up the DagBag from /opt/airflow/dags/currency_exchange_dag.py
[2024-12-25T22:36:39.415+0000] {processor.py:753} INFO - DAG(s) dict_keys(['etl_pipeline']) retrieved from /opt/airflow/dags/currency_exchange_dag.py
[2024-12-25T22:36:39.434+0000] {logging_mixin.py:137} INFO - [2024-12-25T22:36:39.434+0000] {dag.py:2690} INFO - Sync 1 DAGs
[2024-12-25T22:36:39.444+0000] {logging_mixin.py:137} INFO - [2024-12-25T22:36:39.443+0000] {dag.py:3437} INFO - Setting next_dagrun for etl_pipeline to 2024-12-25T00:00:00+00:00, run_after=2024-12-26T00:00:00+00:00
[2024-12-25T22:36:39.450+0000] {processor.py:175} INFO - Processing /opt/airflow/dags/currency_exchange_dag.py took 0.053 seconds
[2024-12-25T22:37:09.682+0000] {processor.py:153} INFO - Started process (PID=32) to work on /opt/airflow/dags/currency_exchange_dag.py
[2024-12-25T22:37:09.683+0000] {processor.py:743} INFO - Processing file /opt/airflow/dags/currency_exchange_dag.py for tasks to queue
[2024-12-25T22:37:09.684+0000] {logging_mixin.py:137} INFO - [2024-12-25T22:37:09.683+0000] {dagbag.py:538} INFO - Filling up the DagBag from /opt/airflow/dags/currency_exchange_dag.py
[2024-12-25T22:37:09.696+0000] {processor.py:753} INFO - DAG(s) dict_keys(['etl_pipeline']) retrieved from /opt/airflow/dags/currency_exchange_dag.py
[2024-12-25T22:37:09.715+0000] {logging_mixin.py:137} INFO - [2024-12-25T22:37:09.715+0000] {dag.py:2690} INFO - Sync 1 DAGs
[2024-12-25T22:37:09.724+0000] {logging_mixin.py:137} INFO - [2024-12-25T22:37:09.724+0000] {dag.py:3437} INFO - Setting next_dagrun for etl_pipeline to 2024-12-25T00:00:00+00:00, run_after=2024-12-26T00:00:00+00:00
[2024-12-25T22:37:09.731+0000] {processor.py:175} INFO - Processing /opt/airflow/dags/currency_exchange_dag.py took 0.052 seconds
[2024-12-25T22:37:39.971+0000] {processor.py:153} INFO - Started process (PID=33) to work on /opt/airflow/dags/currency_exchange_dag.py
[2024-12-25T22:37:39.971+0000] {processor.py:743} INFO - Processing file /opt/airflow/dags/currency_exchange_dag.py for tasks to queue
[2024-12-25T22:37:39.971+0000] {logging_mixin.py:137} INFO - [2024-12-25T22:37:39.971+0000] {dagbag.py:538} INFO - Filling up the DagBag from /opt/airflow/dags/currency_exchange_dag.py
[2024-12-25T22:37:39.980+0000] {processor.py:753} INFO - DAG(s) dict_keys(['etl_pipeline']) retrieved from /opt/airflow/dags/currency_exchange_dag.py
[2024-12-25T22:37:39.995+0000] {logging_mixin.py:137} INFO - [2024-12-25T22:37:39.995+0000] {dag.py:2690} INFO - Sync 1 DAGs
[2024-12-25T22:37:40.006+0000] {logging_mixin.py:137} INFO - [2024-12-25T22:37:40.006+0000] {dag.py:3437} INFO - Setting next_dagrun for etl_pipeline to 2024-12-25T00:00:00+00:00, run_after=2024-12-26T00:00:00+00:00
[2024-12-25T22:37:40.014+0000] {processor.py:175} INFO - Processing /opt/airflow/dags/currency_exchange_dag.py took 0.045 seconds
[2024-12-25T22:38:10.258+0000] {processor.py:153} INFO - Started process (PID=34) to work on /opt/airflow/dags/currency_exchange_dag.py
[2024-12-25T22:38:10.258+0000] {processor.py:743} INFO - Processing file /opt/airflow/dags/currency_exchange_dag.py for tasks to queue
[2024-12-25T22:38:10.259+0000] {logging_mixin.py:137} INFO - [2024-12-25T22:38:10.259+0000] {dagbag.py:538} INFO - Filling up the DagBag from /opt/airflow/dags/currency_exchange_dag.py
[2024-12-25T22:38:10.267+0000] {processor.py:753} INFO - DAG(s) dict_keys(['etl_pipeline']) retrieved from /opt/airflow/dags/currency_exchange_dag.py
[2024-12-25T22:38:10.281+0000] {logging_mixin.py:137} INFO - [2024-12-25T22:38:10.280+0000] {dag.py:2690} INFO - Sync 1 DAGs
[2024-12-25T22:38:10.290+0000] {logging_mixin.py:137} INFO - [2024-12-25T22:38:10.290+0000] {dag.py:3437} INFO - Setting next_dagrun for etl_pipeline to 2024-12-25T00:00:00+00:00, run_after=2024-12-26T00:00:00+00:00
[2024-12-25T22:38:10.296+0000] {processor.py:175} INFO - Processing /opt/airflow/dags/currency_exchange_dag.py took 0.040 seconds
[2024-12-25T22:38:40.544+0000] {processor.py:153} INFO - Started process (PID=35) to work on /opt/airflow/dags/currency_exchange_dag.py
[2024-12-25T22:38:40.545+0000] {processor.py:743} INFO - Processing file /opt/airflow/dags/currency_exchange_dag.py for tasks to queue
[2024-12-25T22:38:40.545+0000] {logging_mixin.py:137} INFO - [2024-12-25T22:38:40.545+0000] {dagbag.py:538} INFO - Filling up the DagBag from /opt/airflow/dags/currency_exchange_dag.py
[2024-12-25T22:38:40.556+0000] {processor.py:753} INFO - DAG(s) dict_keys(['etl_pipeline']) retrieved from /opt/airflow/dags/currency_exchange_dag.py
[2024-12-25T22:38:40.573+0000] {logging_mixin.py:137} INFO - [2024-12-25T22:38:40.573+0000] {dag.py:2690} INFO - Sync 1 DAGs
[2024-12-25T22:38:40.582+0000] {logging_mixin.py:137} INFO - [2024-12-25T22:38:40.582+0000] {dag.py:3437} INFO - Setting next_dagrun for etl_pipeline to 2024-12-25T00:00:00+00:00, run_after=2024-12-26T00:00:00+00:00
[2024-12-25T22:38:40.589+0000] {processor.py:175} INFO - Processing /opt/airflow/dags/currency_exchange_dag.py took 0.047 seconds
[2024-12-25T22:39:10.829+0000] {processor.py:153} INFO - Started process (PID=36) to work on /opt/airflow/dags/currency_exchange_dag.py
[2024-12-25T22:39:10.830+0000] {processor.py:743} INFO - Processing file /opt/airflow/dags/currency_exchange_dag.py for tasks to queue
[2024-12-25T22:39:10.830+0000] {logging_mixin.py:137} INFO - [2024-12-25T22:39:10.830+0000] {dagbag.py:538} INFO - Filling up the DagBag from /opt/airflow/dags/currency_exchange_dag.py
[2024-12-25T22:39:10.840+0000] {processor.py:753} INFO - DAG(s) dict_keys(['etl_pipeline']) retrieved from /opt/airflow/dags/currency_exchange_dag.py
[2024-12-25T22:39:10.856+0000] {logging_mixin.py:137} INFO - [2024-12-25T22:39:10.856+0000] {dag.py:2690} INFO - Sync 1 DAGs
[2024-12-25T22:39:10.865+0000] {logging_mixin.py:137} INFO - [2024-12-25T22:39:10.864+0000] {dag.py:3437} INFO - Setting next_dagrun for etl_pipeline to 2024-12-25T00:00:00+00:00, run_after=2024-12-26T00:00:00+00:00
[2024-12-25T22:39:10.871+0000] {processor.py:175} INFO - Processing /opt/airflow/dags/currency_exchange_dag.py took 0.043 seconds
[2024-12-25T22:39:41.118+0000] {processor.py:153} INFO - Started process (PID=37) to work on /opt/airflow/dags/currency_exchange_dag.py
[2024-12-25T22:39:41.119+0000] {processor.py:743} INFO - Processing file /opt/airflow/dags/currency_exchange_dag.py for tasks to queue
[2024-12-25T22:39:41.119+0000] {logging_mixin.py:137} INFO - [2024-12-25T22:39:41.119+0000] {dagbag.py:538} INFO - Filling up the DagBag from /opt/airflow/dags/currency_exchange_dag.py
[2024-12-25T22:39:41.130+0000] {processor.py:753} INFO - DAG(s) dict_keys(['etl_pipeline']) retrieved from /opt/airflow/dags/currency_exchange_dag.py
[2024-12-25T22:39:41.145+0000] {logging_mixin.py:137} INFO - [2024-12-25T22:39:41.145+0000] {dag.py:2690} INFO - Sync 1 DAGs
[2024-12-25T22:39:41.154+0000] {logging_mixin.py:137} INFO - [2024-12-25T22:39:41.154+0000] {dag.py:3437} INFO - Setting next_dagrun for etl_pipeline to 2024-12-25T00:00:00+00:00, run_after=2024-12-26T00:00:00+00:00
[2024-12-25T22:39:41.160+0000] {processor.py:175} INFO - Processing /opt/airflow/dags/currency_exchange_dag.py took 0.044 seconds
[2024-12-25T22:40:11.395+0000] {processor.py:153} INFO - Started process (PID=38) to work on /opt/airflow/dags/currency_exchange_dag.py
[2024-12-25T22:40:11.396+0000] {processor.py:743} INFO - Processing file /opt/airflow/dags/currency_exchange_dag.py for tasks to queue
[2024-12-25T22:40:11.396+0000] {logging_mixin.py:137} INFO - [2024-12-25T22:40:11.396+0000] {dagbag.py:538} INFO - Filling up the DagBag from /opt/airflow/dags/currency_exchange_dag.py
[2024-12-25T22:40:11.413+0000] {processor.py:753} INFO - DAG(s) dict_keys(['etl_pipeline']) retrieved from /opt/airflow/dags/currency_exchange_dag.py
[2024-12-25T22:40:11.432+0000] {logging_mixin.py:137} INFO - [2024-12-25T22:40:11.432+0000] {dag.py:2690} INFO - Sync 1 DAGs
[2024-12-25T22:40:11.443+0000] {logging_mixin.py:137} INFO - [2024-12-25T22:40:11.443+0000] {dag.py:3437} INFO - Setting next_dagrun for etl_pipeline to 2024-12-25T00:00:00+00:00, run_after=2024-12-26T00:00:00+00:00
[2024-12-25T22:40:11.450+0000] {processor.py:175} INFO - Processing /opt/airflow/dags/currency_exchange_dag.py took 0.061 seconds
[2024-12-25T22:40:41.686+0000] {processor.py:153} INFO - Started process (PID=39) to work on /opt/airflow/dags/currency_exchange_dag.py
[2024-12-25T22:40:41.687+0000] {processor.py:743} INFO - Processing file /opt/airflow/dags/currency_exchange_dag.py for tasks to queue
[2024-12-25T22:40:41.687+0000] {logging_mixin.py:137} INFO - [2024-12-25T22:40:41.687+0000] {dagbag.py:538} INFO - Filling up the DagBag from /opt/airflow/dags/currency_exchange_dag.py
[2024-12-25T22:40:41.697+0000] {processor.py:753} INFO - DAG(s) dict_keys(['etl_pipeline']) retrieved from /opt/airflow/dags/currency_exchange_dag.py
[2024-12-25T22:40:41.711+0000] {logging_mixin.py:137} INFO - [2024-12-25T22:40:41.711+0000] {dag.py:2690} INFO - Sync 1 DAGs
[2024-12-25T22:40:41.722+0000] {logging_mixin.py:137} INFO - [2024-12-25T22:40:41.721+0000] {dag.py:3437} INFO - Setting next_dagrun for etl_pipeline to 2024-12-25T00:00:00+00:00, run_after=2024-12-26T00:00:00+00:00
[2024-12-25T22:40:41.730+0000] {processor.py:175} INFO - Processing /opt/airflow/dags/currency_exchange_dag.py took 0.046 seconds
[2024-12-25T22:41:11.976+0000] {processor.py:153} INFO - Started process (PID=40) to work on /opt/airflow/dags/currency_exchange_dag.py
[2024-12-25T22:41:11.977+0000] {processor.py:743} INFO - Processing file /opt/airflow/dags/currency_exchange_dag.py for tasks to queue
[2024-12-25T22:41:11.977+0000] {logging_mixin.py:137} INFO - [2024-12-25T22:41:11.977+0000] {dagbag.py:538} INFO - Filling up the DagBag from /opt/airflow/dags/currency_exchange_dag.py
[2024-12-25T22:41:11.990+0000] {processor.py:753} INFO - DAG(s) dict_keys(['etl_pipeline']) retrieved from /opt/airflow/dags/currency_exchange_dag.py
[2024-12-25T22:41:12.008+0000] {logging_mixin.py:137} INFO - [2024-12-25T22:41:12.008+0000] {dag.py:2690} INFO - Sync 1 DAGs
[2024-12-25T22:41:12.018+0000] {logging_mixin.py:137} INFO - [2024-12-25T22:41:12.018+0000] {dag.py:3437} INFO - Setting next_dagrun for etl_pipeline to 2024-12-25T00:00:00+00:00, run_after=2024-12-26T00:00:00+00:00
[2024-12-25T22:41:12.024+0000] {processor.py:175} INFO - Processing /opt/airflow/dags/currency_exchange_dag.py took 0.051 seconds
[2024-12-25T22:41:42.266+0000] {processor.py:153} INFO - Started process (PID=41) to work on /opt/airflow/dags/currency_exchange_dag.py
[2024-12-25T22:41:42.266+0000] {processor.py:743} INFO - Processing file /opt/airflow/dags/currency_exchange_dag.py for tasks to queue
[2024-12-25T22:41:42.267+0000] {logging_mixin.py:137} INFO - [2024-12-25T22:41:42.267+0000] {dagbag.py:538} INFO - Filling up the DagBag from /opt/airflow/dags/currency_exchange_dag.py
[2024-12-25T22:41:42.277+0000] {processor.py:753} INFO - DAG(s) dict_keys(['etl_pipeline']) retrieved from /opt/airflow/dags/currency_exchange_dag.py
[2024-12-25T22:41:42.291+0000] {logging_mixin.py:137} INFO - [2024-12-25T22:41:42.291+0000] {dag.py:2690} INFO - Sync 1 DAGs
[2024-12-25T22:41:42.301+0000] {logging_mixin.py:137} INFO - [2024-12-25T22:41:42.301+0000] {dag.py:3437} INFO - Setting next_dagrun for etl_pipeline to 2024-12-25T00:00:00+00:00, run_after=2024-12-26T00:00:00+00:00
[2024-12-25T22:41:42.307+0000] {processor.py:175} INFO - Processing /opt/airflow/dags/currency_exchange_dag.py took 0.044 seconds
[2024-12-25T22:42:12.532+0000] {processor.py:153} INFO - Started process (PID=42) to work on /opt/airflow/dags/currency_exchange_dag.py
[2024-12-25T22:42:12.533+0000] {processor.py:743} INFO - Processing file /opt/airflow/dags/currency_exchange_dag.py for tasks to queue
[2024-12-25T22:42:12.533+0000] {logging_mixin.py:137} INFO - [2024-12-25T22:42:12.533+0000] {dagbag.py:538} INFO - Filling up the DagBag from /opt/airflow/dags/currency_exchange_dag.py
[2024-12-25T22:42:12.544+0000] {processor.py:753} INFO - DAG(s) dict_keys(['etl_pipeline']) retrieved from /opt/airflow/dags/currency_exchange_dag.py
[2024-12-25T22:42:12.561+0000] {logging_mixin.py:137} INFO - [2024-12-25T22:42:12.561+0000] {dag.py:2690} INFO - Sync 1 DAGs
[2024-12-25T22:42:12.571+0000] {logging_mixin.py:137} INFO - [2024-12-25T22:42:12.570+0000] {dag.py:3437} INFO - Setting next_dagrun for etl_pipeline to 2024-12-25T00:00:00+00:00, run_after=2024-12-26T00:00:00+00:00
[2024-12-25T22:42:12.577+0000] {processor.py:175} INFO - Processing /opt/airflow/dags/currency_exchange_dag.py took 0.048 seconds
[2024-12-25T22:42:42.840+0000] {processor.py:153} INFO - Started process (PID=43) to work on /opt/airflow/dags/currency_exchange_dag.py
[2024-12-25T22:42:42.840+0000] {processor.py:743} INFO - Processing file /opt/airflow/dags/currency_exchange_dag.py for tasks to queue
[2024-12-25T22:42:42.841+0000] {logging_mixin.py:137} INFO - [2024-12-25T22:42:42.841+0000] {dagbag.py:538} INFO - Filling up the DagBag from /opt/airflow/dags/currency_exchange_dag.py
[2024-12-25T22:42:42.852+0000] {processor.py:753} INFO - DAG(s) dict_keys(['etl_pipeline']) retrieved from /opt/airflow/dags/currency_exchange_dag.py
[2024-12-25T22:42:42.869+0000] {logging_mixin.py:137} INFO - [2024-12-25T22:42:42.869+0000] {dag.py:2690} INFO - Sync 1 DAGs
[2024-12-25T22:42:42.879+0000] {logging_mixin.py:137} INFO - [2024-12-25T22:42:42.879+0000] {dag.py:3437} INFO - Setting next_dagrun for etl_pipeline to 2024-12-25T00:00:00+00:00, run_after=2024-12-26T00:00:00+00:00
[2024-12-25T22:42:42.885+0000] {processor.py:175} INFO - Processing /opt/airflow/dags/currency_exchange_dag.py took 0.048 seconds
[2024-12-25T22:43:13.157+0000] {processor.py:153} INFO - Started process (PID=44) to work on /opt/airflow/dags/currency_exchange_dag.py
[2024-12-25T22:43:13.158+0000] {processor.py:743} INFO - Processing file /opt/airflow/dags/currency_exchange_dag.py for tasks to queue
[2024-12-25T22:43:13.159+0000] {logging_mixin.py:137} INFO - [2024-12-25T22:43:13.159+0000] {dagbag.py:538} INFO - Filling up the DagBag from /opt/airflow/dags/currency_exchange_dag.py
[2024-12-25T22:43:13.172+0000] {processor.py:753} INFO - DAG(s) dict_keys(['etl_pipeline']) retrieved from /opt/airflow/dags/currency_exchange_dag.py
[2024-12-25T22:43:13.189+0000] {logging_mixin.py:137} INFO - [2024-12-25T22:43:13.189+0000] {dag.py:2690} INFO - Sync 1 DAGs
[2024-12-25T22:43:13.199+0000] {logging_mixin.py:137} INFO - [2024-12-25T22:43:13.199+0000] {dag.py:3437} INFO - Setting next_dagrun for etl_pipeline to 2024-12-25T00:00:00+00:00, run_after=2024-12-26T00:00:00+00:00
[2024-12-25T22:43:13.206+0000] {processor.py:175} INFO - Processing /opt/airflow/dags/currency_exchange_dag.py took 0.053 seconds
[2024-12-25T22:43:43.469+0000] {processor.py:153} INFO - Started process (PID=45) to work on /opt/airflow/dags/currency_exchange_dag.py
[2024-12-25T22:43:43.470+0000] {processor.py:743} INFO - Processing file /opt/airflow/dags/currency_exchange_dag.py for tasks to queue
[2024-12-25T22:43:43.470+0000] {logging_mixin.py:137} INFO - [2024-12-25T22:43:43.470+0000] {dagbag.py:538} INFO - Filling up the DagBag from /opt/airflow/dags/currency_exchange_dag.py
[2024-12-25T22:43:43.481+0000] {processor.py:753} INFO - DAG(s) dict_keys(['etl_pipeline']) retrieved from /opt/airflow/dags/currency_exchange_dag.py
[2024-12-25T22:43:43.498+0000] {logging_mixin.py:137} INFO - [2024-12-25T22:43:43.498+0000] {dag.py:2690} INFO - Sync 1 DAGs
[2024-12-25T22:43:43.507+0000] {logging_mixin.py:137} INFO - [2024-12-25T22:43:43.507+0000] {dag.py:3437} INFO - Setting next_dagrun for etl_pipeline to 2024-12-25T00:00:00+00:00, run_after=2024-12-26T00:00:00+00:00
[2024-12-25T22:43:43.514+0000] {processor.py:175} INFO - Processing /opt/airflow/dags/currency_exchange_dag.py took 0.047 seconds
[2024-12-25T22:44:13.768+0000] {processor.py:153} INFO - Started process (PID=46) to work on /opt/airflow/dags/currency_exchange_dag.py
[2024-12-25T22:44:13.769+0000] {processor.py:743} INFO - Processing file /opt/airflow/dags/currency_exchange_dag.py for tasks to queue
[2024-12-25T22:44:13.769+0000] {logging_mixin.py:137} INFO - [2024-12-25T22:44:13.769+0000] {dagbag.py:538} INFO - Filling up the DagBag from /opt/airflow/dags/currency_exchange_dag.py
[2024-12-25T22:44:13.781+0000] {processor.py:753} INFO - DAG(s) dict_keys(['etl_pipeline']) retrieved from /opt/airflow/dags/currency_exchange_dag.py
[2024-12-25T22:44:13.798+0000] {logging_mixin.py:137} INFO - [2024-12-25T22:44:13.797+0000] {dag.py:2690} INFO - Sync 1 DAGs
[2024-12-25T22:44:13.808+0000] {logging_mixin.py:137} INFO - [2024-12-25T22:44:13.808+0000] {dag.py:3437} INFO - Setting next_dagrun for etl_pipeline to 2024-12-25T00:00:00+00:00, run_after=2024-12-26T00:00:00+00:00
[2024-12-25T22:44:13.814+0000] {processor.py:175} INFO - Processing /opt/airflow/dags/currency_exchange_dag.py took 0.049 seconds
[2024-12-25T22:44:44.073+0000] {processor.py:153} INFO - Started process (PID=47) to work on /opt/airflow/dags/currency_exchange_dag.py
[2024-12-25T22:44:44.073+0000] {processor.py:743} INFO - Processing file /opt/airflow/dags/currency_exchange_dag.py for tasks to queue
[2024-12-25T22:44:44.074+0000] {logging_mixin.py:137} INFO - [2024-12-25T22:44:44.074+0000] {dagbag.py:538} INFO - Filling up the DagBag from /opt/airflow/dags/currency_exchange_dag.py
[2024-12-25T22:44:44.082+0000] {processor.py:753} INFO - DAG(s) dict_keys(['etl_pipeline']) retrieved from /opt/airflow/dags/currency_exchange_dag.py
[2024-12-25T22:44:44.097+0000] {logging_mixin.py:137} INFO - [2024-12-25T22:44:44.097+0000] {dag.py:2690} INFO - Sync 1 DAGs
[2024-12-25T22:44:44.106+0000] {logging_mixin.py:137} INFO - [2024-12-25T22:44:44.106+0000] {dag.py:3437} INFO - Setting next_dagrun for etl_pipeline to 2024-12-25T00:00:00+00:00, run_after=2024-12-26T00:00:00+00:00
[2024-12-25T22:44:44.112+0000] {processor.py:175} INFO - Processing /opt/airflow/dags/currency_exchange_dag.py took 0.042 seconds
[2024-12-25T22:52:23.749+0000] {processor.py:153} INFO - Started process (PID=29) to work on /opt/airflow/dags/currency_exchange_dag.py
[2024-12-25T22:52:23.750+0000] {processor.py:743} INFO - Processing file /opt/airflow/dags/currency_exchange_dag.py for tasks to queue
[2024-12-25T22:52:23.752+0000] {logging_mixin.py:137} INFO - [2024-12-25T22:52:23.751+0000] {dagbag.py:538} INFO - Filling up the DagBag from /opt/airflow/dags/currency_exchange_dag.py
[2024-12-25T22:52:23.762+0000] {processor.py:753} INFO - DAG(s) dict_keys(['etl_pipeline']) retrieved from /opt/airflow/dags/currency_exchange_dag.py
[2024-12-25T22:52:23.780+0000] {logging_mixin.py:137} INFO - [2024-12-25T22:52:23.779+0000] {dag.py:2690} INFO - Sync 1 DAGs
[2024-12-25T22:52:23.790+0000] {logging_mixin.py:137} INFO - [2024-12-25T22:52:23.790+0000] {dag.py:3437} INFO - Setting next_dagrun for etl_pipeline to 2024-12-25T00:00:00+00:00, run_after=2024-12-26T00:00:00+00:00
[2024-12-25T22:52:23.797+0000] {processor.py:175} INFO - Processing /opt/airflow/dags/currency_exchange_dag.py took 0.050 seconds
[2024-12-25T22:52:54.039+0000] {processor.py:153} INFO - Started process (PID=30) to work on /opt/airflow/dags/currency_exchange_dag.py
[2024-12-25T22:52:54.040+0000] {processor.py:743} INFO - Processing file /opt/airflow/dags/currency_exchange_dag.py for tasks to queue
[2024-12-25T22:52:54.041+0000] {logging_mixin.py:137} INFO - [2024-12-25T22:52:54.041+0000] {dagbag.py:538} INFO - Filling up the DagBag from /opt/airflow/dags/currency_exchange_dag.py
[2024-12-25T22:52:54.055+0000] {processor.py:753} INFO - DAG(s) dict_keys(['etl_pipeline']) retrieved from /opt/airflow/dags/currency_exchange_dag.py
[2024-12-25T22:52:54.076+0000] {logging_mixin.py:137} INFO - [2024-12-25T22:52:54.076+0000] {dag.py:2690} INFO - Sync 1 DAGs
[2024-12-25T22:52:54.087+0000] {logging_mixin.py:137} INFO - [2024-12-25T22:52:54.086+0000] {dag.py:3437} INFO - Setting next_dagrun for etl_pipeline to 2024-12-25T00:00:00+00:00, run_after=2024-12-26T00:00:00+00:00
[2024-12-25T22:52:54.094+0000] {processor.py:175} INFO - Processing /opt/airflow/dags/currency_exchange_dag.py took 0.058 seconds
[2024-12-25T22:53:24.363+0000] {processor.py:153} INFO - Started process (PID=31) to work on /opt/airflow/dags/currency_exchange_dag.py
[2024-12-25T22:53:24.364+0000] {processor.py:743} INFO - Processing file /opt/airflow/dags/currency_exchange_dag.py for tasks to queue
[2024-12-25T22:53:24.364+0000] {logging_mixin.py:137} INFO - [2024-12-25T22:53:24.364+0000] {dagbag.py:538} INFO - Filling up the DagBag from /opt/airflow/dags/currency_exchange_dag.py
[2024-12-25T22:53:24.377+0000] {processor.py:753} INFO - DAG(s) dict_keys(['etl_pipeline']) retrieved from /opt/airflow/dags/currency_exchange_dag.py
[2024-12-25T22:53:24.394+0000] {logging_mixin.py:137} INFO - [2024-12-25T22:53:24.394+0000] {dag.py:2690} INFO - Sync 1 DAGs
[2024-12-25T22:53:24.403+0000] {logging_mixin.py:137} INFO - [2024-12-25T22:53:24.403+0000] {dag.py:3437} INFO - Setting next_dagrun for etl_pipeline to 2024-12-25T00:00:00+00:00, run_after=2024-12-26T00:00:00+00:00
[2024-12-25T22:53:24.412+0000] {processor.py:175} INFO - Processing /opt/airflow/dags/currency_exchange_dag.py took 0.052 seconds
[2024-12-25T22:53:54.666+0000] {processor.py:153} INFO - Started process (PID=32) to work on /opt/airflow/dags/currency_exchange_dag.py
[2024-12-25T22:53:54.667+0000] {processor.py:743} INFO - Processing file /opt/airflow/dags/currency_exchange_dag.py for tasks to queue
[2024-12-25T22:53:54.667+0000] {logging_mixin.py:137} INFO - [2024-12-25T22:53:54.667+0000] {dagbag.py:538} INFO - Filling up the DagBag from /opt/airflow/dags/currency_exchange_dag.py
[2024-12-25T22:53:54.680+0000] {processor.py:753} INFO - DAG(s) dict_keys(['etl_pipeline']) retrieved from /opt/airflow/dags/currency_exchange_dag.py
[2024-12-25T22:53:54.697+0000] {logging_mixin.py:137} INFO - [2024-12-25T22:53:54.697+0000] {dag.py:2690} INFO - Sync 1 DAGs
[2024-12-25T22:53:54.706+0000] {logging_mixin.py:137} INFO - [2024-12-25T22:53:54.706+0000] {dag.py:3437} INFO - Setting next_dagrun for etl_pipeline to 2024-12-25T00:00:00+00:00, run_after=2024-12-26T00:00:00+00:00
[2024-12-25T22:53:54.713+0000] {processor.py:175} INFO - Processing /opt/airflow/dags/currency_exchange_dag.py took 0.049 seconds
[2024-12-25T22:54:24.935+0000] {processor.py:153} INFO - Started process (PID=33) to work on /opt/airflow/dags/currency_exchange_dag.py
[2024-12-25T22:54:24.936+0000] {processor.py:743} INFO - Processing file /opt/airflow/dags/currency_exchange_dag.py for tasks to queue
[2024-12-25T22:54:24.937+0000] {logging_mixin.py:137} INFO - [2024-12-25T22:54:24.937+0000] {dagbag.py:538} INFO - Filling up the DagBag from /opt/airflow/dags/currency_exchange_dag.py
[2024-12-25T22:54:24.951+0000] {processor.py:753} INFO - DAG(s) dict_keys(['etl_pipeline']) retrieved from /opt/airflow/dags/currency_exchange_dag.py
[2024-12-25T22:54:24.969+0000] {logging_mixin.py:137} INFO - [2024-12-25T22:54:24.969+0000] {dag.py:2690} INFO - Sync 1 DAGs
[2024-12-25T22:54:24.979+0000] {logging_mixin.py:137} INFO - [2024-12-25T22:54:24.979+0000] {dag.py:3437} INFO - Setting next_dagrun for etl_pipeline to 2024-12-25T00:00:00+00:00, run_after=2024-12-26T00:00:00+00:00
[2024-12-25T22:54:24.985+0000] {processor.py:175} INFO - Processing /opt/airflow/dags/currency_exchange_dag.py took 0.053 seconds
[2024-12-25T22:54:55.227+0000] {processor.py:153} INFO - Started process (PID=34) to work on /opt/airflow/dags/currency_exchange_dag.py
[2024-12-25T22:54:55.228+0000] {processor.py:743} INFO - Processing file /opt/airflow/dags/currency_exchange_dag.py for tasks to queue
[2024-12-25T22:54:55.228+0000] {logging_mixin.py:137} INFO - [2024-12-25T22:54:55.228+0000] {dagbag.py:538} INFO - Filling up the DagBag from /opt/airflow/dags/currency_exchange_dag.py
[2024-12-25T22:54:55.239+0000] {processor.py:753} INFO - DAG(s) dict_keys(['etl_pipeline']) retrieved from /opt/airflow/dags/currency_exchange_dag.py
[2024-12-25T22:54:55.254+0000] {logging_mixin.py:137} INFO - [2024-12-25T22:54:55.253+0000] {dag.py:2690} INFO - Sync 1 DAGs
[2024-12-25T22:54:55.262+0000] {logging_mixin.py:137} INFO - [2024-12-25T22:54:55.262+0000] {dag.py:3437} INFO - Setting next_dagrun for etl_pipeline to 2024-12-25T00:00:00+00:00, run_after=2024-12-26T00:00:00+00:00
[2024-12-25T22:54:55.269+0000] {processor.py:175} INFO - Processing /opt/airflow/dags/currency_exchange_dag.py took 0.044 seconds
[2024-12-25T22:55:25.521+0000] {processor.py:153} INFO - Started process (PID=35) to work on /opt/airflow/dags/currency_exchange_dag.py
[2024-12-25T22:55:25.521+0000] {processor.py:743} INFO - Processing file /opt/airflow/dags/currency_exchange_dag.py for tasks to queue
[2024-12-25T22:55:25.522+0000] {logging_mixin.py:137} INFO - [2024-12-25T22:55:25.522+0000] {dagbag.py:538} INFO - Filling up the DagBag from /opt/airflow/dags/currency_exchange_dag.py
[2024-12-25T22:55:25.533+0000] {processor.py:753} INFO - DAG(s) dict_keys(['etl_pipeline']) retrieved from /opt/airflow/dags/currency_exchange_dag.py
[2024-12-25T22:55:25.551+0000] {logging_mixin.py:137} INFO - [2024-12-25T22:55:25.551+0000] {dag.py:2690} INFO - Sync 1 DAGs
[2024-12-25T22:55:25.560+0000] {logging_mixin.py:137} INFO - [2024-12-25T22:55:25.560+0000] {dag.py:3437} INFO - Setting next_dagrun for etl_pipeline to 2024-12-25T00:00:00+00:00, run_after=2024-12-26T00:00:00+00:00
[2024-12-25T22:55:25.566+0000] {processor.py:175} INFO - Processing /opt/airflow/dags/currency_exchange_dag.py took 0.048 seconds
[2024-12-25T22:55:55.814+0000] {processor.py:153} INFO - Started process (PID=36) to work on /opt/airflow/dags/currency_exchange_dag.py
[2024-12-25T22:55:55.816+0000] {processor.py:743} INFO - Processing file /opt/airflow/dags/currency_exchange_dag.py for tasks to queue
[2024-12-25T22:55:55.817+0000] {logging_mixin.py:137} INFO - [2024-12-25T22:55:55.817+0000] {dagbag.py:538} INFO - Filling up the DagBag from /opt/airflow/dags/currency_exchange_dag.py
[2024-12-25T22:55:55.829+0000] {processor.py:753} INFO - DAG(s) dict_keys(['etl_pipeline']) retrieved from /opt/airflow/dags/currency_exchange_dag.py
[2024-12-25T22:55:55.845+0000] {logging_mixin.py:137} INFO - [2024-12-25T22:55:55.845+0000] {dag.py:2690} INFO - Sync 1 DAGs
[2024-12-25T22:55:55.854+0000] {logging_mixin.py:137} INFO - [2024-12-25T22:55:55.854+0000] {dag.py:3437} INFO - Setting next_dagrun for etl_pipeline to 2024-12-25T00:00:00+00:00, run_after=2024-12-26T00:00:00+00:00
[2024-12-25T22:55:55.860+0000] {processor.py:175} INFO - Processing /opt/airflow/dags/currency_exchange_dag.py took 0.048 seconds
[2024-12-25T22:56:26.098+0000] {processor.py:153} INFO - Started process (PID=37) to work on /opt/airflow/dags/currency_exchange_dag.py
[2024-12-25T22:56:26.098+0000] {processor.py:743} INFO - Processing file /opt/airflow/dags/currency_exchange_dag.py for tasks to queue
[2024-12-25T22:56:26.099+0000] {logging_mixin.py:137} INFO - [2024-12-25T22:56:26.099+0000] {dagbag.py:538} INFO - Filling up the DagBag from /opt/airflow/dags/currency_exchange_dag.py
[2024-12-25T22:56:26.110+0000] {processor.py:753} INFO - DAG(s) dict_keys(['etl_pipeline']) retrieved from /opt/airflow/dags/currency_exchange_dag.py
[2024-12-25T22:56:26.127+0000] {logging_mixin.py:137} INFO - [2024-12-25T22:56:26.126+0000] {dag.py:2690} INFO - Sync 1 DAGs
[2024-12-25T22:56:26.136+0000] {logging_mixin.py:137} INFO - [2024-12-25T22:56:26.136+0000] {dag.py:3437} INFO - Setting next_dagrun for etl_pipeline to 2024-12-25T00:00:00+00:00, run_after=2024-12-26T00:00:00+00:00
[2024-12-25T22:56:26.142+0000] {processor.py:175} INFO - Processing /opt/airflow/dags/currency_exchange_dag.py took 0.047 seconds
[2024-12-25T22:56:56.380+0000] {processor.py:153} INFO - Started process (PID=38) to work on /opt/airflow/dags/currency_exchange_dag.py
[2024-12-25T22:56:56.381+0000] {processor.py:743} INFO - Processing file /opt/airflow/dags/currency_exchange_dag.py for tasks to queue
[2024-12-25T22:56:56.381+0000] {logging_mixin.py:137} INFO - [2024-12-25T22:56:56.381+0000] {dagbag.py:538} INFO - Filling up the DagBag from /opt/airflow/dags/currency_exchange_dag.py
[2024-12-25T22:56:56.393+0000] {processor.py:753} INFO - DAG(s) dict_keys(['etl_pipeline']) retrieved from /opt/airflow/dags/currency_exchange_dag.py
[2024-12-25T22:56:56.410+0000] {logging_mixin.py:137} INFO - [2024-12-25T22:56:56.410+0000] {dag.py:2690} INFO - Sync 1 DAGs
[2024-12-25T22:56:56.419+0000] {logging_mixin.py:137} INFO - [2024-12-25T22:56:56.419+0000] {dag.py:3437} INFO - Setting next_dagrun for etl_pipeline to 2024-12-25T00:00:00+00:00, run_after=2024-12-26T00:00:00+00:00
[2024-12-25T22:56:56.425+0000] {processor.py:175} INFO - Processing /opt/airflow/dags/currency_exchange_dag.py took 0.048 seconds
[2024-12-25T22:57:26.676+0000] {processor.py:153} INFO - Started process (PID=39) to work on /opt/airflow/dags/currency_exchange_dag.py
[2024-12-25T22:57:26.677+0000] {processor.py:743} INFO - Processing file /opt/airflow/dags/currency_exchange_dag.py for tasks to queue
[2024-12-25T22:57:26.678+0000] {logging_mixin.py:137} INFO - [2024-12-25T22:57:26.678+0000] {dagbag.py:538} INFO - Filling up the DagBag from /opt/airflow/dags/currency_exchange_dag.py
[2024-12-25T22:57:26.690+0000] {processor.py:753} INFO - DAG(s) dict_keys(['etl_pipeline']) retrieved from /opt/airflow/dags/currency_exchange_dag.py
[2024-12-25T22:57:26.708+0000] {logging_mixin.py:137} INFO - [2024-12-25T22:57:26.708+0000] {dag.py:2690} INFO - Sync 1 DAGs
[2024-12-25T22:57:26.717+0000] {logging_mixin.py:137} INFO - [2024-12-25T22:57:26.717+0000] {dag.py:3437} INFO - Setting next_dagrun for etl_pipeline to 2024-12-25T00:00:00+00:00, run_after=2024-12-26T00:00:00+00:00
[2024-12-25T22:57:26.724+0000] {processor.py:175} INFO - Processing /opt/airflow/dags/currency_exchange_dag.py took 0.051 seconds
[2024-12-25T22:57:56.981+0000] {processor.py:153} INFO - Started process (PID=40) to work on /opt/airflow/dags/currency_exchange_dag.py
[2024-12-25T22:57:56.982+0000] {processor.py:743} INFO - Processing file /opt/airflow/dags/currency_exchange_dag.py for tasks to queue
[2024-12-25T22:57:56.982+0000] {logging_mixin.py:137} INFO - [2024-12-25T22:57:56.982+0000] {dagbag.py:538} INFO - Filling up the DagBag from /opt/airflow/dags/currency_exchange_dag.py
[2024-12-25T22:57:56.997+0000] {processor.py:753} INFO - DAG(s) dict_keys(['etl_pipeline']) retrieved from /opt/airflow/dags/currency_exchange_dag.py
[2024-12-25T22:57:57.016+0000] {logging_mixin.py:137} INFO - [2024-12-25T22:57:57.016+0000] {dag.py:2690} INFO - Sync 1 DAGs
[2024-12-25T22:57:57.027+0000] {logging_mixin.py:137} INFO - [2024-12-25T22:57:57.027+0000] {dag.py:3437} INFO - Setting next_dagrun for etl_pipeline to 2024-12-25T00:00:00+00:00, run_after=2024-12-26T00:00:00+00:00
[2024-12-25T22:57:57.035+0000] {processor.py:175} INFO - Processing /opt/airflow/dags/currency_exchange_dag.py took 0.059 seconds
[2024-12-25T22:58:27.295+0000] {processor.py:153} INFO - Started process (PID=41) to work on /opt/airflow/dags/currency_exchange_dag.py
[2024-12-25T22:58:27.296+0000] {processor.py:743} INFO - Processing file /opt/airflow/dags/currency_exchange_dag.py for tasks to queue
[2024-12-25T22:58:27.296+0000] {logging_mixin.py:137} INFO - [2024-12-25T22:58:27.296+0000] {dagbag.py:538} INFO - Filling up the DagBag from /opt/airflow/dags/currency_exchange_dag.py
[2024-12-25T22:58:27.307+0000] {processor.py:753} INFO - DAG(s) dict_keys(['etl_pipeline']) retrieved from /opt/airflow/dags/currency_exchange_dag.py
[2024-12-25T22:58:27.321+0000] {logging_mixin.py:137} INFO - [2024-12-25T22:58:27.321+0000] {dag.py:2690} INFO - Sync 1 DAGs
[2024-12-25T22:58:27.331+0000] {logging_mixin.py:137} INFO - [2024-12-25T22:58:27.331+0000] {dag.py:3437} INFO - Setting next_dagrun for etl_pipeline to 2024-12-25T00:00:00+00:00, run_after=2024-12-26T00:00:00+00:00
[2024-12-25T22:58:27.338+0000] {processor.py:175} INFO - Processing /opt/airflow/dags/currency_exchange_dag.py took 0.045 seconds
[2024-12-25T22:58:57.619+0000] {processor.py:153} INFO - Started process (PID=42) to work on /opt/airflow/dags/currency_exchange_dag.py
[2024-12-25T22:58:57.620+0000] {processor.py:743} INFO - Processing file /opt/airflow/dags/currency_exchange_dag.py for tasks to queue
[2024-12-25T22:58:57.620+0000] {logging_mixin.py:137} INFO - [2024-12-25T22:58:57.620+0000] {dagbag.py:538} INFO - Filling up the DagBag from /opt/airflow/dags/currency_exchange_dag.py
[2024-12-25T22:58:57.631+0000] {processor.py:753} INFO - DAG(s) dict_keys(['etl_pipeline']) retrieved from /opt/airflow/dags/currency_exchange_dag.py
[2024-12-25T22:58:57.646+0000] {logging_mixin.py:137} INFO - [2024-12-25T22:58:57.646+0000] {dag.py:2690} INFO - Sync 1 DAGs
[2024-12-25T22:58:57.655+0000] {logging_mixin.py:137} INFO - [2024-12-25T22:58:57.655+0000] {dag.py:3437} INFO - Setting next_dagrun for etl_pipeline to 2024-12-25T00:00:00+00:00, run_after=2024-12-26T00:00:00+00:00
[2024-12-25T22:58:57.661+0000] {processor.py:175} INFO - Processing /opt/airflow/dags/currency_exchange_dag.py took 0.044 seconds
[2024-12-25T22:59:27.938+0000] {processor.py:153} INFO - Started process (PID=43) to work on /opt/airflow/dags/currency_exchange_dag.py
[2024-12-25T22:59:27.939+0000] {processor.py:743} INFO - Processing file /opt/airflow/dags/currency_exchange_dag.py for tasks to queue
[2024-12-25T22:59:27.940+0000] {logging_mixin.py:137} INFO - [2024-12-25T22:59:27.940+0000] {dagbag.py:538} INFO - Filling up the DagBag from /opt/airflow/dags/currency_exchange_dag.py
[2024-12-25T22:59:27.952+0000] {processor.py:753} INFO - DAG(s) dict_keys(['etl_pipeline']) retrieved from /opt/airflow/dags/currency_exchange_dag.py
[2024-12-25T22:59:27.969+0000] {logging_mixin.py:137} INFO - [2024-12-25T22:59:27.969+0000] {dag.py:2690} INFO - Sync 1 DAGs
[2024-12-25T22:59:27.978+0000] {logging_mixin.py:137} INFO - [2024-12-25T22:59:27.978+0000] {dag.py:3437} INFO - Setting next_dagrun for etl_pipeline to 2024-12-25T00:00:00+00:00, run_after=2024-12-26T00:00:00+00:00
[2024-12-25T22:59:27.984+0000] {processor.py:175} INFO - Processing /opt/airflow/dags/currency_exchange_dag.py took 0.050 seconds
[2024-12-25T22:59:58.240+0000] {processor.py:153} INFO - Started process (PID=44) to work on /opt/airflow/dags/currency_exchange_dag.py
[2024-12-25T22:59:58.241+0000] {processor.py:743} INFO - Processing file /opt/airflow/dags/currency_exchange_dag.py for tasks to queue
[2024-12-25T22:59:58.241+0000] {logging_mixin.py:137} INFO - [2024-12-25T22:59:58.241+0000] {dagbag.py:538} INFO - Filling up the DagBag from /opt/airflow/dags/currency_exchange_dag.py
[2024-12-25T22:59:58.252+0000] {processor.py:753} INFO - DAG(s) dict_keys(['etl_pipeline']) retrieved from /opt/airflow/dags/currency_exchange_dag.py
[2024-12-25T22:59:58.268+0000] {logging_mixin.py:137} INFO - [2024-12-25T22:59:58.267+0000] {dag.py:2690} INFO - Sync 1 DAGs
[2024-12-25T22:59:58.276+0000] {logging_mixin.py:137} INFO - [2024-12-25T22:59:58.276+0000] {dag.py:3437} INFO - Setting next_dagrun for etl_pipeline to 2024-12-25T00:00:00+00:00, run_after=2024-12-26T00:00:00+00:00
[2024-12-25T22:59:58.283+0000] {processor.py:175} INFO - Processing /opt/airflow/dags/currency_exchange_dag.py took 0.045 seconds
[2024-12-25T23:00:28.519+0000] {processor.py:153} INFO - Started process (PID=45) to work on /opt/airflow/dags/currency_exchange_dag.py
[2024-12-25T23:00:28.520+0000] {processor.py:743} INFO - Processing file /opt/airflow/dags/currency_exchange_dag.py for tasks to queue
[2024-12-25T23:00:28.520+0000] {logging_mixin.py:137} INFO - [2024-12-25T23:00:28.520+0000] {dagbag.py:538} INFO - Filling up the DagBag from /opt/airflow/dags/currency_exchange_dag.py
[2024-12-25T23:00:28.532+0000] {processor.py:753} INFO - DAG(s) dict_keys(['etl_pipeline']) retrieved from /opt/airflow/dags/currency_exchange_dag.py
[2024-12-25T23:00:28.549+0000] {logging_mixin.py:137} INFO - [2024-12-25T23:00:28.549+0000] {dag.py:2690} INFO - Sync 1 DAGs
[2024-12-25T23:00:28.558+0000] {logging_mixin.py:137} INFO - [2024-12-25T23:00:28.558+0000] {dag.py:3437} INFO - Setting next_dagrun for etl_pipeline to 2024-12-25T00:00:00+00:00, run_after=2024-12-26T00:00:00+00:00
[2024-12-25T23:00:28.565+0000] {processor.py:175} INFO - Processing /opt/airflow/dags/currency_exchange_dag.py took 0.048 seconds
[2024-12-25T23:00:58.779+0000] {processor.py:153} INFO - Started process (PID=46) to work on /opt/airflow/dags/currency_exchange_dag.py
[2024-12-25T23:00:58.779+0000] {processor.py:743} INFO - Processing file /opt/airflow/dags/currency_exchange_dag.py for tasks to queue
[2024-12-25T23:00:58.780+0000] {logging_mixin.py:137} INFO - [2024-12-25T23:00:58.780+0000] {dagbag.py:538} INFO - Filling up the DagBag from /opt/airflow/dags/currency_exchange_dag.py
[2024-12-25T23:00:58.789+0000] {processor.py:753} INFO - DAG(s) dict_keys(['etl_pipeline']) retrieved from /opt/airflow/dags/currency_exchange_dag.py
[2024-12-25T23:00:58.804+0000] {logging_mixin.py:137} INFO - [2024-12-25T23:00:58.804+0000] {dag.py:2690} INFO - Sync 1 DAGs
[2024-12-25T23:00:58.815+0000] {logging_mixin.py:137} INFO - [2024-12-25T23:00:58.814+0000] {dag.py:3437} INFO - Setting next_dagrun for etl_pipeline to 2024-12-25T00:00:00+00:00, run_after=2024-12-26T00:00:00+00:00
[2024-12-25T23:00:58.821+0000] {processor.py:175} INFO - Processing /opt/airflow/dags/currency_exchange_dag.py took 0.045 seconds
[2024-12-25T23:01:29.083+0000] {processor.py:153} INFO - Started process (PID=47) to work on /opt/airflow/dags/currency_exchange_dag.py
[2024-12-25T23:01:29.083+0000] {processor.py:743} INFO - Processing file /opt/airflow/dags/currency_exchange_dag.py for tasks to queue
[2024-12-25T23:01:29.084+0000] {logging_mixin.py:137} INFO - [2024-12-25T23:01:29.084+0000] {dagbag.py:538} INFO - Filling up the DagBag from /opt/airflow/dags/currency_exchange_dag.py
[2024-12-25T23:01:29.095+0000] {processor.py:753} INFO - DAG(s) dict_keys(['etl_pipeline']) retrieved from /opt/airflow/dags/currency_exchange_dag.py
[2024-12-25T23:01:29.113+0000] {logging_mixin.py:137} INFO - [2024-12-25T23:01:29.113+0000] {dag.py:2690} INFO - Sync 1 DAGs
[2024-12-25T23:01:29.122+0000] {logging_mixin.py:137} INFO - [2024-12-25T23:01:29.122+0000] {dag.py:3437} INFO - Setting next_dagrun for etl_pipeline to 2024-12-25T00:00:00+00:00, run_after=2024-12-26T00:00:00+00:00
[2024-12-25T23:01:29.129+0000] {processor.py:175} INFO - Processing /opt/airflow/dags/currency_exchange_dag.py took 0.049 seconds
[2024-12-25T23:01:59.358+0000] {processor.py:153} INFO - Started process (PID=48) to work on /opt/airflow/dags/currency_exchange_dag.py
[2024-12-25T23:01:59.358+0000] {processor.py:743} INFO - Processing file /opt/airflow/dags/currency_exchange_dag.py for tasks to queue
[2024-12-25T23:01:59.359+0000] {logging_mixin.py:137} INFO - [2024-12-25T23:01:59.359+0000] {dagbag.py:538} INFO - Filling up the DagBag from /opt/airflow/dags/currency_exchange_dag.py
[2024-12-25T23:01:59.370+0000] {processor.py:753} INFO - DAG(s) dict_keys(['etl_pipeline']) retrieved from /opt/airflow/dags/currency_exchange_dag.py
[2024-12-25T23:01:59.388+0000] {logging_mixin.py:137} INFO - [2024-12-25T23:01:59.388+0000] {dag.py:2690} INFO - Sync 1 DAGs
[2024-12-25T23:01:59.397+0000] {logging_mixin.py:137} INFO - [2024-12-25T23:01:59.397+0000] {dag.py:3437} INFO - Setting next_dagrun for etl_pipeline to 2024-12-25T00:00:00+00:00, run_after=2024-12-26T00:00:00+00:00
[2024-12-25T23:01:59.403+0000] {processor.py:175} INFO - Processing /opt/airflow/dags/currency_exchange_dag.py took 0.049 seconds
[2024-12-25T23:02:29.628+0000] {processor.py:153} INFO - Started process (PID=49) to work on /opt/airflow/dags/currency_exchange_dag.py
[2024-12-25T23:02:29.629+0000] {processor.py:743} INFO - Processing file /opt/airflow/dags/currency_exchange_dag.py for tasks to queue
[2024-12-25T23:02:29.629+0000] {logging_mixin.py:137} INFO - [2024-12-25T23:02:29.629+0000] {dagbag.py:538} INFO - Filling up the DagBag from /opt/airflow/dags/currency_exchange_dag.py
[2024-12-25T23:02:29.639+0000] {processor.py:753} INFO - DAG(s) dict_keys(['etl_pipeline']) retrieved from /opt/airflow/dags/currency_exchange_dag.py
[2024-12-25T23:02:29.655+0000] {logging_mixin.py:137} INFO - [2024-12-25T23:02:29.655+0000] {dag.py:2690} INFO - Sync 1 DAGs
[2024-12-25T23:02:29.664+0000] {logging_mixin.py:137} INFO - [2024-12-25T23:02:29.664+0000] {dag.py:3437} INFO - Setting next_dagrun for etl_pipeline to 2024-12-25T00:00:00+00:00, run_after=2024-12-26T00:00:00+00:00
[2024-12-25T23:02:29.671+0000] {processor.py:175} INFO - Processing /opt/airflow/dags/currency_exchange_dag.py took 0.045 seconds
[2024-12-25T23:02:59.898+0000] {processor.py:153} INFO - Started process (PID=50) to work on /opt/airflow/dags/currency_exchange_dag.py
[2024-12-25T23:02:59.899+0000] {processor.py:743} INFO - Processing file /opt/airflow/dags/currency_exchange_dag.py for tasks to queue
[2024-12-25T23:02:59.900+0000] {logging_mixin.py:137} INFO - [2024-12-25T23:02:59.900+0000] {dagbag.py:538} INFO - Filling up the DagBag from /opt/airflow/dags/currency_exchange_dag.py
[2024-12-25T23:02:59.912+0000] {processor.py:753} INFO - DAG(s) dict_keys(['etl_pipeline']) retrieved from /opt/airflow/dags/currency_exchange_dag.py
[2024-12-25T23:02:59.928+0000] {logging_mixin.py:137} INFO - [2024-12-25T23:02:59.928+0000] {dag.py:2690} INFO - Sync 1 DAGs
[2024-12-25T23:02:59.940+0000] {logging_mixin.py:137} INFO - [2024-12-25T23:02:59.940+0000] {dag.py:3437} INFO - Setting next_dagrun for etl_pipeline to 2024-12-25T00:00:00+00:00, run_after=2024-12-26T00:00:00+00:00
[2024-12-25T23:02:59.949+0000] {processor.py:175} INFO - Processing /opt/airflow/dags/currency_exchange_dag.py took 0.055 seconds
[2024-12-25T23:03:30.189+0000] {processor.py:153} INFO - Started process (PID=51) to work on /opt/airflow/dags/currency_exchange_dag.py
[2024-12-25T23:03:30.190+0000] {processor.py:743} INFO - Processing file /opt/airflow/dags/currency_exchange_dag.py for tasks to queue
[2024-12-25T23:03:30.190+0000] {logging_mixin.py:137} INFO - [2024-12-25T23:03:30.190+0000] {dagbag.py:538} INFO - Filling up the DagBag from /opt/airflow/dags/currency_exchange_dag.py
[2024-12-25T23:03:30.201+0000] {processor.py:753} INFO - DAG(s) dict_keys(['etl_pipeline']) retrieved from /opt/airflow/dags/currency_exchange_dag.py
[2024-12-25T23:03:30.219+0000] {logging_mixin.py:137} INFO - [2024-12-25T23:03:30.219+0000] {dag.py:2690} INFO - Sync 1 DAGs
[2024-12-25T23:03:30.228+0000] {logging_mixin.py:137} INFO - [2024-12-25T23:03:30.228+0000] {dag.py:3437} INFO - Setting next_dagrun for etl_pipeline to 2024-12-25T00:00:00+00:00, run_after=2024-12-26T00:00:00+00:00
[2024-12-25T23:03:30.339+0000] {processor.py:175} INFO - Processing /opt/airflow/dags/currency_exchange_dag.py took 0.153 seconds
[2024-12-25T23:04:00.462+0000] {processor.py:153} INFO - Started process (PID=52) to work on /opt/airflow/dags/currency_exchange_dag.py
[2024-12-25T23:04:00.462+0000] {processor.py:743} INFO - Processing file /opt/airflow/dags/currency_exchange_dag.py for tasks to queue
[2024-12-25T23:04:00.463+0000] {logging_mixin.py:137} INFO - [2024-12-25T23:04:00.463+0000] {dagbag.py:538} INFO - Filling up the DagBag from /opt/airflow/dags/currency_exchange_dag.py
[2024-12-25T23:04:00.473+0000] {processor.py:753} INFO - DAG(s) dict_keys(['etl_pipeline']) retrieved from /opt/airflow/dags/currency_exchange_dag.py
[2024-12-25T23:04:00.489+0000] {logging_mixin.py:137} INFO - [2024-12-25T23:04:00.489+0000] {dag.py:2690} INFO - Sync 1 DAGs
[2024-12-25T23:04:00.498+0000] {logging_mixin.py:137} INFO - [2024-12-25T23:04:00.498+0000] {dag.py:3437} INFO - Setting next_dagrun for etl_pipeline to 2024-12-25T00:00:00+00:00, run_after=2024-12-26T00:00:00+00:00
[2024-12-25T23:04:00.504+0000] {processor.py:175} INFO - Processing /opt/airflow/dags/currency_exchange_dag.py took 0.046 seconds
[2024-12-25T23:04:30.752+0000] {processor.py:153} INFO - Started process (PID=53) to work on /opt/airflow/dags/currency_exchange_dag.py
[2024-12-25T23:04:30.752+0000] {processor.py:743} INFO - Processing file /opt/airflow/dags/currency_exchange_dag.py for tasks to queue
[2024-12-25T23:04:30.753+0000] {logging_mixin.py:137} INFO - [2024-12-25T23:04:30.753+0000] {dagbag.py:538} INFO - Filling up the DagBag from /opt/airflow/dags/currency_exchange_dag.py
[2024-12-25T23:04:30.765+0000] {processor.py:753} INFO - DAG(s) dict_keys(['etl_pipeline']) retrieved from /opt/airflow/dags/currency_exchange_dag.py
[2024-12-25T23:04:30.781+0000] {logging_mixin.py:137} INFO - [2024-12-25T23:04:30.781+0000] {dag.py:2690} INFO - Sync 1 DAGs
[2024-12-25T23:04:30.790+0000] {logging_mixin.py:137} INFO - [2024-12-25T23:04:30.790+0000] {dag.py:3437} INFO - Setting next_dagrun for etl_pipeline to 2024-12-25T00:00:00+00:00, run_after=2024-12-26T00:00:00+00:00
[2024-12-25T23:04:30.796+0000] {processor.py:175} INFO - Processing /opt/airflow/dags/currency_exchange_dag.py took 0.047 seconds
[2024-12-25T23:05:01.017+0000] {processor.py:153} INFO - Started process (PID=54) to work on /opt/airflow/dags/currency_exchange_dag.py
[2024-12-25T23:05:01.018+0000] {processor.py:743} INFO - Processing file /opt/airflow/dags/currency_exchange_dag.py for tasks to queue
[2024-12-25T23:05:01.019+0000] {logging_mixin.py:137} INFO - [2024-12-25T23:05:01.018+0000] {dagbag.py:538} INFO - Filling up the DagBag from /opt/airflow/dags/currency_exchange_dag.py
[2024-12-25T23:05:01.033+0000] {processor.py:753} INFO - DAG(s) dict_keys(['etl_pipeline']) retrieved from /opt/airflow/dags/currency_exchange_dag.py
[2024-12-25T23:05:01.052+0000] {logging_mixin.py:137} INFO - [2024-12-25T23:05:01.052+0000] {dag.py:2690} INFO - Sync 1 DAGs
[2024-12-25T23:05:01.063+0000] {logging_mixin.py:137} INFO - [2024-12-25T23:05:01.063+0000] {dag.py:3437} INFO - Setting next_dagrun for etl_pipeline to 2024-12-25T00:00:00+00:00, run_after=2024-12-26T00:00:00+00:00
[2024-12-25T23:05:01.069+0000] {processor.py:175} INFO - Processing /opt/airflow/dags/currency_exchange_dag.py took 0.056 seconds
[2024-12-25T23:05:31.320+0000] {processor.py:153} INFO - Started process (PID=55) to work on /opt/airflow/dags/currency_exchange_dag.py
[2024-12-25T23:05:31.321+0000] {processor.py:743} INFO - Processing file /opt/airflow/dags/currency_exchange_dag.py for tasks to queue
[2024-12-25T23:05:31.321+0000] {logging_mixin.py:137} INFO - [2024-12-25T23:05:31.321+0000] {dagbag.py:538} INFO - Filling up the DagBag from /opt/airflow/dags/currency_exchange_dag.py
[2024-12-25T23:05:31.332+0000] {processor.py:753} INFO - DAG(s) dict_keys(['etl_pipeline']) retrieved from /opt/airflow/dags/currency_exchange_dag.py
[2024-12-25T23:05:31.348+0000] {logging_mixin.py:137} INFO - [2024-12-25T23:05:31.348+0000] {dag.py:2690} INFO - Sync 1 DAGs
[2024-12-25T23:05:31.357+0000] {logging_mixin.py:137} INFO - [2024-12-25T23:05:31.357+0000] {dag.py:3437} INFO - Setting next_dagrun for etl_pipeline to 2024-12-25T00:00:00+00:00, run_after=2024-12-26T00:00:00+00:00
[2024-12-25T23:05:31.364+0000] {processor.py:175} INFO - Processing /opt/airflow/dags/currency_exchange_dag.py took 0.046 seconds
[2024-12-25T23:06:01.618+0000] {processor.py:153} INFO - Started process (PID=56) to work on /opt/airflow/dags/currency_exchange_dag.py
[2024-12-25T23:06:01.619+0000] {processor.py:743} INFO - Processing file /opt/airflow/dags/currency_exchange_dag.py for tasks to queue
[2024-12-25T23:06:01.620+0000] {logging_mixin.py:137} INFO - [2024-12-25T23:06:01.619+0000] {dagbag.py:538} INFO - Filling up the DagBag from /opt/airflow/dags/currency_exchange_dag.py
[2024-12-25T23:06:01.645+0000] {processor.py:753} INFO - DAG(s) dict_keys(['etl_pipeline']) retrieved from /opt/airflow/dags/currency_exchange_dag.py
[2024-12-25T23:06:01.684+0000] {logging_mixin.py:137} INFO - [2024-12-25T23:06:01.684+0000] {dag.py:2690} INFO - Sync 1 DAGs
[2024-12-25T23:06:01.728+0000] {logging_mixin.py:137} INFO - [2024-12-25T23:06:01.728+0000] {dag.py:3437} INFO - Setting next_dagrun for etl_pipeline to 2024-12-25T00:00:00+00:00, run_after=2024-12-26T00:00:00+00:00
[2024-12-25T23:06:01.737+0000] {processor.py:175} INFO - Processing /opt/airflow/dags/currency_exchange_dag.py took 0.122 seconds
[2024-12-25T23:06:31.934+0000] {processor.py:153} INFO - Started process (PID=57) to work on /opt/airflow/dags/currency_exchange_dag.py
[2024-12-25T23:06:31.934+0000] {processor.py:743} INFO - Processing file /opt/airflow/dags/currency_exchange_dag.py for tasks to queue
[2024-12-25T23:06:31.935+0000] {logging_mixin.py:137} INFO - [2024-12-25T23:06:31.935+0000] {dagbag.py:538} INFO - Filling up the DagBag from /opt/airflow/dags/currency_exchange_dag.py
[2024-12-25T23:06:31.947+0000] {processor.py:753} INFO - DAG(s) dict_keys(['etl_pipeline']) retrieved from /opt/airflow/dags/currency_exchange_dag.py
[2024-12-25T23:06:31.966+0000] {logging_mixin.py:137} INFO - [2024-12-25T23:06:31.966+0000] {dag.py:2690} INFO - Sync 1 DAGs
[2024-12-25T23:06:31.976+0000] {logging_mixin.py:137} INFO - [2024-12-25T23:06:31.976+0000] {dag.py:3437} INFO - Setting next_dagrun for etl_pipeline to 2024-12-25T00:00:00+00:00, run_after=2024-12-26T00:00:00+00:00
[2024-12-25T23:06:31.983+0000] {processor.py:175} INFO - Processing /opt/airflow/dags/currency_exchange_dag.py took 0.052 seconds
[2024-12-25T23:07:02.265+0000] {processor.py:153} INFO - Started process (PID=58) to work on /opt/airflow/dags/currency_exchange_dag.py
[2024-12-25T23:07:02.266+0000] {processor.py:743} INFO - Processing file /opt/airflow/dags/currency_exchange_dag.py for tasks to queue
[2024-12-25T23:07:02.266+0000] {logging_mixin.py:137} INFO - [2024-12-25T23:07:02.266+0000] {dagbag.py:538} INFO - Filling up the DagBag from /opt/airflow/dags/currency_exchange_dag.py
[2024-12-25T23:07:02.279+0000] {processor.py:753} INFO - DAG(s) dict_keys(['etl_pipeline']) retrieved from /opt/airflow/dags/currency_exchange_dag.py
[2024-12-25T23:07:02.297+0000] {logging_mixin.py:137} INFO - [2024-12-25T23:07:02.297+0000] {dag.py:2690} INFO - Sync 1 DAGs
[2024-12-25T23:07:02.307+0000] {logging_mixin.py:137} INFO - [2024-12-25T23:07:02.307+0000] {dag.py:3437} INFO - Setting next_dagrun for etl_pipeline to 2024-12-25T00:00:00+00:00, run_after=2024-12-26T00:00:00+00:00
[2024-12-25T23:07:02.313+0000] {processor.py:175} INFO - Processing /opt/airflow/dags/currency_exchange_dag.py took 0.052 seconds
[2024-12-25T23:07:32.595+0000] {processor.py:153} INFO - Started process (PID=59) to work on /opt/airflow/dags/currency_exchange_dag.py
[2024-12-25T23:07:32.595+0000] {processor.py:743} INFO - Processing file /opt/airflow/dags/currency_exchange_dag.py for tasks to queue
[2024-12-25T23:07:32.596+0000] {logging_mixin.py:137} INFO - [2024-12-25T23:07:32.596+0000] {dagbag.py:538} INFO - Filling up the DagBag from /opt/airflow/dags/currency_exchange_dag.py
[2024-12-25T23:07:32.606+0000] {processor.py:753} INFO - DAG(s) dict_keys(['etl_pipeline']) retrieved from /opt/airflow/dags/currency_exchange_dag.py
[2024-12-25T23:07:32.622+0000] {logging_mixin.py:137} INFO - [2024-12-25T23:07:32.622+0000] {dag.py:2690} INFO - Sync 1 DAGs
[2024-12-25T23:07:32.632+0000] {logging_mixin.py:137} INFO - [2024-12-25T23:07:32.632+0000] {dag.py:3437} INFO - Setting next_dagrun for etl_pipeline to 2024-12-25T00:00:00+00:00, run_after=2024-12-26T00:00:00+00:00
[2024-12-25T23:07:32.639+0000] {processor.py:175} INFO - Processing /opt/airflow/dags/currency_exchange_dag.py took 0.047 seconds
[2024-12-25T23:08:02.884+0000] {processor.py:153} INFO - Started process (PID=60) to work on /opt/airflow/dags/currency_exchange_dag.py
[2024-12-25T23:08:02.884+0000] {processor.py:743} INFO - Processing file /opt/airflow/dags/currency_exchange_dag.py for tasks to queue
[2024-12-25T23:08:02.885+0000] {logging_mixin.py:137} INFO - [2024-12-25T23:08:02.884+0000] {dagbag.py:538} INFO - Filling up the DagBag from /opt/airflow/dags/currency_exchange_dag.py
[2024-12-25T23:08:02.895+0000] {processor.py:753} INFO - DAG(s) dict_keys(['etl_pipeline']) retrieved from /opt/airflow/dags/currency_exchange_dag.py
[2024-12-25T23:08:02.910+0000] {logging_mixin.py:137} INFO - [2024-12-25T23:08:02.910+0000] {dag.py:2690} INFO - Sync 1 DAGs
[2024-12-25T23:08:02.919+0000] {logging_mixin.py:137} INFO - [2024-12-25T23:08:02.919+0000] {dag.py:3437} INFO - Setting next_dagrun for etl_pipeline to 2024-12-25T00:00:00+00:00, run_after=2024-12-26T00:00:00+00:00
[2024-12-25T23:08:02.925+0000] {processor.py:175} INFO - Processing /opt/airflow/dags/currency_exchange_dag.py took 0.044 seconds
[2024-12-25T23:08:33.185+0000] {processor.py:153} INFO - Started process (PID=61) to work on /opt/airflow/dags/currency_exchange_dag.py
[2024-12-25T23:08:33.186+0000] {processor.py:743} INFO - Processing file /opt/airflow/dags/currency_exchange_dag.py for tasks to queue
[2024-12-25T23:08:33.187+0000] {logging_mixin.py:137} INFO - [2024-12-25T23:08:33.186+0000] {dagbag.py:538} INFO - Filling up the DagBag from /opt/airflow/dags/currency_exchange_dag.py
[2024-12-25T23:08:33.198+0000] {processor.py:753} INFO - DAG(s) dict_keys(['etl_pipeline']) retrieved from /opt/airflow/dags/currency_exchange_dag.py
[2024-12-25T23:08:33.215+0000] {logging_mixin.py:137} INFO - [2024-12-25T23:08:33.215+0000] {dag.py:2690} INFO - Sync 1 DAGs
[2024-12-25T23:08:33.225+0000] {logging_mixin.py:137} INFO - [2024-12-25T23:08:33.225+0000] {dag.py:3437} INFO - Setting next_dagrun for etl_pipeline to 2024-12-25T00:00:00+00:00, run_after=2024-12-26T00:00:00+00:00
[2024-12-25T23:08:33.233+0000] {processor.py:175} INFO - Processing /opt/airflow/dags/currency_exchange_dag.py took 0.051 seconds
[2024-12-25T23:09:03.484+0000] {processor.py:153} INFO - Started process (PID=62) to work on /opt/airflow/dags/currency_exchange_dag.py
[2024-12-25T23:09:03.485+0000] {processor.py:743} INFO - Processing file /opt/airflow/dags/currency_exchange_dag.py for tasks to queue
[2024-12-25T23:09:03.485+0000] {logging_mixin.py:137} INFO - [2024-12-25T23:09:03.485+0000] {dagbag.py:538} INFO - Filling up the DagBag from /opt/airflow/dags/currency_exchange_dag.py
[2024-12-25T23:09:03.495+0000] {processor.py:753} INFO - DAG(s) dict_keys(['etl_pipeline']) retrieved from /opt/airflow/dags/currency_exchange_dag.py
[2024-12-25T23:09:03.512+0000] {logging_mixin.py:137} INFO - [2024-12-25T23:09:03.512+0000] {dag.py:2690} INFO - Sync 1 DAGs
[2024-12-25T23:09:03.522+0000] {logging_mixin.py:137} INFO - [2024-12-25T23:09:03.522+0000] {dag.py:3437} INFO - Setting next_dagrun for etl_pipeline to 2024-12-25T00:00:00+00:00, run_after=2024-12-26T00:00:00+00:00
[2024-12-25T23:09:03.530+0000] {processor.py:175} INFO - Processing /opt/airflow/dags/currency_exchange_dag.py took 0.048 seconds
[2024-12-25T23:09:33.791+0000] {processor.py:153} INFO - Started process (PID=63) to work on /opt/airflow/dags/currency_exchange_dag.py
[2024-12-25T23:09:33.792+0000] {processor.py:743} INFO - Processing file /opt/airflow/dags/currency_exchange_dag.py for tasks to queue
[2024-12-25T23:09:33.792+0000] {logging_mixin.py:137} INFO - [2024-12-25T23:09:33.792+0000] {dagbag.py:538} INFO - Filling up the DagBag from /opt/airflow/dags/currency_exchange_dag.py
[2024-12-25T23:09:33.804+0000] {processor.py:753} INFO - DAG(s) dict_keys(['etl_pipeline']) retrieved from /opt/airflow/dags/currency_exchange_dag.py
[2024-12-25T23:09:33.821+0000] {logging_mixin.py:137} INFO - [2024-12-25T23:09:33.821+0000] {dag.py:2690} INFO - Sync 1 DAGs
[2024-12-25T23:09:33.830+0000] {logging_mixin.py:137} INFO - [2024-12-25T23:09:33.830+0000] {dag.py:3437} INFO - Setting next_dagrun for etl_pipeline to 2024-12-25T00:00:00+00:00, run_after=2024-12-26T00:00:00+00:00
[2024-12-25T23:09:33.837+0000] {processor.py:175} INFO - Processing /opt/airflow/dags/currency_exchange_dag.py took 0.049 seconds
[2024-12-25T23:10:04.095+0000] {processor.py:153} INFO - Started process (PID=64) to work on /opt/airflow/dags/currency_exchange_dag.py
[2024-12-25T23:10:04.096+0000] {processor.py:743} INFO - Processing file /opt/airflow/dags/currency_exchange_dag.py for tasks to queue
[2024-12-25T23:10:04.097+0000] {logging_mixin.py:137} INFO - [2024-12-25T23:10:04.096+0000] {dagbag.py:538} INFO - Filling up the DagBag from /opt/airflow/dags/currency_exchange_dag.py
[2024-12-25T23:10:04.108+0000] {processor.py:753} INFO - DAG(s) dict_keys(['etl_pipeline']) retrieved from /opt/airflow/dags/currency_exchange_dag.py
[2024-12-25T23:10:04.124+0000] {logging_mixin.py:137} INFO - [2024-12-25T23:10:04.124+0000] {dag.py:2690} INFO - Sync 1 DAGs
[2024-12-25T23:10:04.134+0000] {logging_mixin.py:137} INFO - [2024-12-25T23:10:04.134+0000] {dag.py:3437} INFO - Setting next_dagrun for etl_pipeline to 2024-12-25T00:00:00+00:00, run_after=2024-12-26T00:00:00+00:00
[2024-12-25T23:10:04.141+0000] {processor.py:175} INFO - Processing /opt/airflow/dags/currency_exchange_dag.py took 0.049 seconds
[2024-12-25T23:10:34.412+0000] {processor.py:153} INFO - Started process (PID=65) to work on /opt/airflow/dags/currency_exchange_dag.py
[2024-12-25T23:10:34.413+0000] {processor.py:743} INFO - Processing file /opt/airflow/dags/currency_exchange_dag.py for tasks to queue
[2024-12-25T23:10:34.413+0000] {logging_mixin.py:137} INFO - [2024-12-25T23:10:34.413+0000] {dagbag.py:538} INFO - Filling up the DagBag from /opt/airflow/dags/currency_exchange_dag.py
[2024-12-25T23:10:34.424+0000] {processor.py:753} INFO - DAG(s) dict_keys(['etl_pipeline']) retrieved from /opt/airflow/dags/currency_exchange_dag.py
[2024-12-25T23:10:34.441+0000] {logging_mixin.py:137} INFO - [2024-12-25T23:10:34.441+0000] {dag.py:2690} INFO - Sync 1 DAGs
[2024-12-25T23:10:34.450+0000] {logging_mixin.py:137} INFO - [2024-12-25T23:10:34.450+0000] {dag.py:3437} INFO - Setting next_dagrun for etl_pipeline to 2024-12-25T00:00:00+00:00, run_after=2024-12-26T00:00:00+00:00
[2024-12-25T23:10:34.457+0000] {processor.py:175} INFO - Processing /opt/airflow/dags/currency_exchange_dag.py took 0.047 seconds
[2024-12-25T23:11:27.615+0000] {processor.py:153} INFO - Started process (PID=29) to work on /opt/airflow/dags/currency_exchange_dag.py
[2024-12-25T23:11:27.617+0000] {processor.py:743} INFO - Processing file /opt/airflow/dags/currency_exchange_dag.py for tasks to queue
[2024-12-25T23:11:27.617+0000] {logging_mixin.py:137} INFO - [2024-12-25T23:11:27.617+0000] {dagbag.py:538} INFO - Filling up the DagBag from /opt/airflow/dags/currency_exchange_dag.py
[2024-12-25T23:11:27.629+0000] {processor.py:753} INFO - DAG(s) dict_keys(['etl_pipeline']) retrieved from /opt/airflow/dags/currency_exchange_dag.py
[2024-12-25T23:11:27.644+0000] {logging_mixin.py:137} INFO - [2024-12-25T23:11:27.644+0000] {dag.py:2690} INFO - Sync 1 DAGs
[2024-12-25T23:11:27.654+0000] {logging_mixin.py:137} INFO - [2024-12-25T23:11:27.654+0000] {dag.py:3437} INFO - Setting next_dagrun for etl_pipeline to 2024-12-25T00:00:00+00:00, run_after=2024-12-26T00:00:00+00:00
[2024-12-25T23:11:27.664+0000] {processor.py:175} INFO - Processing /opt/airflow/dags/currency_exchange_dag.py took 0.051 seconds
[2024-12-25T23:11:57.870+0000] {processor.py:153} INFO - Started process (PID=30) to work on /opt/airflow/dags/currency_exchange_dag.py
[2024-12-25T23:11:57.871+0000] {processor.py:743} INFO - Processing file /opt/airflow/dags/currency_exchange_dag.py for tasks to queue
[2024-12-25T23:11:57.872+0000] {logging_mixin.py:137} INFO - [2024-12-25T23:11:57.871+0000] {dagbag.py:538} INFO - Filling up the DagBag from /opt/airflow/dags/currency_exchange_dag.py
[2024-12-25T23:11:57.886+0000] {processor.py:753} INFO - DAG(s) dict_keys(['etl_pipeline']) retrieved from /opt/airflow/dags/currency_exchange_dag.py
[2024-12-25T23:11:57.906+0000] {logging_mixin.py:137} INFO - [2024-12-25T23:11:57.906+0000] {dag.py:2690} INFO - Sync 1 DAGs
[2024-12-25T23:11:57.916+0000] {logging_mixin.py:137} INFO - [2024-12-25T23:11:57.916+0000] {dag.py:3437} INFO - Setting next_dagrun for etl_pipeline to 2024-12-25T00:00:00+00:00, run_after=2024-12-26T00:00:00+00:00
[2024-12-25T23:11:57.922+0000] {processor.py:175} INFO - Processing /opt/airflow/dags/currency_exchange_dag.py took 0.056 seconds
[2024-12-25T23:12:28.204+0000] {processor.py:153} INFO - Started process (PID=31) to work on /opt/airflow/dags/currency_exchange_dag.py
[2024-12-25T23:12:28.204+0000] {processor.py:743} INFO - Processing file /opt/airflow/dags/currency_exchange_dag.py for tasks to queue
[2024-12-25T23:12:28.205+0000] {logging_mixin.py:137} INFO - [2024-12-25T23:12:28.204+0000] {dagbag.py:538} INFO - Filling up the DagBag from /opt/airflow/dags/currency_exchange_dag.py
[2024-12-25T23:12:28.217+0000] {processor.py:753} INFO - DAG(s) dict_keys(['etl_pipeline']) retrieved from /opt/airflow/dags/currency_exchange_dag.py
[2024-12-25T23:12:28.233+0000] {logging_mixin.py:137} INFO - [2024-12-25T23:12:28.233+0000] {dag.py:2690} INFO - Sync 1 DAGs
[2024-12-25T23:12:28.243+0000] {logging_mixin.py:137} INFO - [2024-12-25T23:12:28.243+0000] {dag.py:3437} INFO - Setting next_dagrun for etl_pipeline to 2024-12-25T00:00:00+00:00, run_after=2024-12-26T00:00:00+00:00
[2024-12-25T23:12:28.249+0000] {processor.py:175} INFO - Processing /opt/airflow/dags/currency_exchange_dag.py took 0.048 seconds
[2024-12-25T23:12:58.502+0000] {processor.py:153} INFO - Started process (PID=32) to work on /opt/airflow/dags/currency_exchange_dag.py
[2024-12-25T23:12:58.509+0000] {processor.py:743} INFO - Processing file /opt/airflow/dags/currency_exchange_dag.py for tasks to queue
[2024-12-25T23:12:58.519+0000] {logging_mixin.py:137} INFO - [2024-12-25T23:12:58.519+0000] {dagbag.py:538} INFO - Filling up the DagBag from /opt/airflow/dags/currency_exchange_dag.py
[2024-12-25T23:12:58.546+0000] {processor.py:753} INFO - DAG(s) dict_keys(['etl_pipeline']) retrieved from /opt/airflow/dags/currency_exchange_dag.py
[2024-12-25T23:12:58.561+0000] {logging_mixin.py:137} INFO - [2024-12-25T23:12:58.561+0000] {dag.py:2690} INFO - Sync 1 DAGs
[2024-12-25T23:12:58.569+0000] {logging_mixin.py:137} INFO - [2024-12-25T23:12:58.569+0000] {dag.py:3437} INFO - Setting next_dagrun for etl_pipeline to 2024-12-25T00:00:00+00:00, run_after=2024-12-26T00:00:00+00:00
[2024-12-25T23:12:58.574+0000] {processor.py:175} INFO - Processing /opt/airflow/dags/currency_exchange_dag.py took 0.083 seconds
[2024-12-25T23:13:28.806+0000] {processor.py:153} INFO - Started process (PID=33) to work on /opt/airflow/dags/currency_exchange_dag.py
[2024-12-25T23:13:28.806+0000] {processor.py:743} INFO - Processing file /opt/airflow/dags/currency_exchange_dag.py for tasks to queue
[2024-12-25T23:13:28.807+0000] {logging_mixin.py:137} INFO - [2024-12-25T23:13:28.807+0000] {dagbag.py:538} INFO - Filling up the DagBag from /opt/airflow/dags/currency_exchange_dag.py
[2024-12-25T23:13:28.817+0000] {processor.py:753} INFO - DAG(s) dict_keys(['etl_pipeline']) retrieved from /opt/airflow/dags/currency_exchange_dag.py
[2024-12-25T23:13:28.832+0000] {logging_mixin.py:137} INFO - [2024-12-25T23:13:28.832+0000] {dag.py:2690} INFO - Sync 1 DAGs
[2024-12-25T23:13:28.840+0000] {logging_mixin.py:137} INFO - [2024-12-25T23:13:28.840+0000] {dag.py:3437} INFO - Setting next_dagrun for etl_pipeline to 2024-12-25T00:00:00+00:00, run_after=2024-12-26T00:00:00+00:00
[2024-12-25T23:13:28.847+0000] {processor.py:175} INFO - Processing /opt/airflow/dags/currency_exchange_dag.py took 0.043 seconds
[2024-12-25T23:13:59.146+0000] {processor.py:153} INFO - Started process (PID=34) to work on /opt/airflow/dags/currency_exchange_dag.py
[2024-12-25T23:13:59.146+0000] {processor.py:743} INFO - Processing file /opt/airflow/dags/currency_exchange_dag.py for tasks to queue
[2024-12-25T23:13:59.147+0000] {logging_mixin.py:137} INFO - [2024-12-25T23:13:59.147+0000] {dagbag.py:538} INFO - Filling up the DagBag from /opt/airflow/dags/currency_exchange_dag.py
[2024-12-25T23:13:59.162+0000] {processor.py:753} INFO - DAG(s) dict_keys(['etl_pipeline']) retrieved from /opt/airflow/dags/currency_exchange_dag.py
[2024-12-25T23:13:59.180+0000] {logging_mixin.py:137} INFO - [2024-12-25T23:13:59.180+0000] {dag.py:2690} INFO - Sync 1 DAGs
[2024-12-25T23:13:59.191+0000] {logging_mixin.py:137} INFO - [2024-12-25T23:13:59.191+0000] {dag.py:3437} INFO - Setting next_dagrun for etl_pipeline to 2024-12-25T00:00:00+00:00, run_after=2024-12-26T00:00:00+00:00
[2024-12-25T23:13:59.197+0000] {processor.py:175} INFO - Processing /opt/airflow/dags/currency_exchange_dag.py took 0.056 seconds
[2024-12-25T23:14:29.439+0000] {processor.py:153} INFO - Started process (PID=35) to work on /opt/airflow/dags/currency_exchange_dag.py
[2024-12-25T23:14:29.440+0000] {processor.py:743} INFO - Processing file /opt/airflow/dags/currency_exchange_dag.py for tasks to queue
[2024-12-25T23:14:29.440+0000] {logging_mixin.py:137} INFO - [2024-12-25T23:14:29.440+0000] {dagbag.py:538} INFO - Filling up the DagBag from /opt/airflow/dags/currency_exchange_dag.py
[2024-12-25T23:14:29.448+0000] {processor.py:753} INFO - DAG(s) dict_keys(['etl_pipeline']) retrieved from /opt/airflow/dags/currency_exchange_dag.py
[2024-12-25T23:14:29.462+0000] {logging_mixin.py:137} INFO - [2024-12-25T23:14:29.462+0000] {dag.py:2690} INFO - Sync 1 DAGs
[2024-12-25T23:14:29.472+0000] {logging_mixin.py:137} INFO - [2024-12-25T23:14:29.472+0000] {dag.py:3437} INFO - Setting next_dagrun for etl_pipeline to 2024-12-25T00:00:00+00:00, run_after=2024-12-26T00:00:00+00:00
[2024-12-25T23:14:29.478+0000] {processor.py:175} INFO - Processing /opt/airflow/dags/currency_exchange_dag.py took 0.041 seconds
[2024-12-25T23:14:59.729+0000] {processor.py:153} INFO - Started process (PID=36) to work on /opt/airflow/dags/currency_exchange_dag.py
[2024-12-25T23:14:59.729+0000] {processor.py:743} INFO - Processing file /opt/airflow/dags/currency_exchange_dag.py for tasks to queue
[2024-12-25T23:14:59.730+0000] {logging_mixin.py:137} INFO - [2024-12-25T23:14:59.730+0000] {dagbag.py:538} INFO - Filling up the DagBag from /opt/airflow/dags/currency_exchange_dag.py
[2024-12-25T23:14:59.741+0000] {processor.py:753} INFO - DAG(s) dict_keys(['etl_pipeline']) retrieved from /opt/airflow/dags/currency_exchange_dag.py
[2024-12-25T23:14:59.756+0000] {logging_mixin.py:137} INFO - [2024-12-25T23:14:59.756+0000] {dag.py:2690} INFO - Sync 1 DAGs
[2024-12-25T23:14:59.766+0000] {logging_mixin.py:137} INFO - [2024-12-25T23:14:59.765+0000] {dag.py:3437} INFO - Setting next_dagrun for etl_pipeline to 2024-12-25T00:00:00+00:00, run_after=2024-12-26T00:00:00+00:00
[2024-12-25T23:14:59.772+0000] {processor.py:175} INFO - Processing /opt/airflow/dags/currency_exchange_dag.py took 0.047 seconds
[2024-12-25T23:15:30.043+0000] {processor.py:153} INFO - Started process (PID=37) to work on /opt/airflow/dags/currency_exchange_dag.py
[2024-12-25T23:15:30.044+0000] {processor.py:743} INFO - Processing file /opt/airflow/dags/currency_exchange_dag.py for tasks to queue
[2024-12-25T23:15:30.044+0000] {logging_mixin.py:137} INFO - [2024-12-25T23:15:30.044+0000] {dagbag.py:538} INFO - Filling up the DagBag from /opt/airflow/dags/currency_exchange_dag.py
[2024-12-25T23:15:30.060+0000] {processor.py:753} INFO - DAG(s) dict_keys(['etl_pipeline']) retrieved from /opt/airflow/dags/currency_exchange_dag.py
[2024-12-25T23:15:30.079+0000] {logging_mixin.py:137} INFO - [2024-12-25T23:15:30.079+0000] {dag.py:2690} INFO - Sync 1 DAGs
[2024-12-25T23:15:30.091+0000] {logging_mixin.py:137} INFO - [2024-12-25T23:15:30.091+0000] {dag.py:3437} INFO - Setting next_dagrun for etl_pipeline to 2024-12-25T00:00:00+00:00, run_after=2024-12-26T00:00:00+00:00
[2024-12-25T23:15:30.098+0000] {processor.py:175} INFO - Processing /opt/airflow/dags/currency_exchange_dag.py took 0.059 seconds
[2024-12-25T23:16:00.357+0000] {processor.py:153} INFO - Started process (PID=38) to work on /opt/airflow/dags/currency_exchange_dag.py
[2024-12-25T23:16:00.358+0000] {processor.py:743} INFO - Processing file /opt/airflow/dags/currency_exchange_dag.py for tasks to queue
[2024-12-25T23:16:00.358+0000] {logging_mixin.py:137} INFO - [2024-12-25T23:16:00.358+0000] {dagbag.py:538} INFO - Filling up the DagBag from /opt/airflow/dags/currency_exchange_dag.py
[2024-12-25T23:16:00.369+0000] {processor.py:753} INFO - DAG(s) dict_keys(['etl_pipeline']) retrieved from /opt/airflow/dags/currency_exchange_dag.py
[2024-12-25T23:16:00.385+0000] {logging_mixin.py:137} INFO - [2024-12-25T23:16:00.385+0000] {dag.py:2690} INFO - Sync 1 DAGs
[2024-12-25T23:16:00.396+0000] {logging_mixin.py:137} INFO - [2024-12-25T23:16:00.396+0000] {dag.py:3437} INFO - Setting next_dagrun for etl_pipeline to 2024-12-25T00:00:00+00:00, run_after=2024-12-26T00:00:00+00:00
[2024-12-25T23:16:00.403+0000] {processor.py:175} INFO - Processing /opt/airflow/dags/currency_exchange_dag.py took 0.050 seconds
[2024-12-25T23:16:30.657+0000] {processor.py:153} INFO - Started process (PID=39) to work on /opt/airflow/dags/currency_exchange_dag.py
[2024-12-25T23:16:30.657+0000] {processor.py:743} INFO - Processing file /opt/airflow/dags/currency_exchange_dag.py for tasks to queue
[2024-12-25T23:16:30.658+0000] {logging_mixin.py:137} INFO - [2024-12-25T23:16:30.658+0000] {dagbag.py:538} INFO - Filling up the DagBag from /opt/airflow/dags/currency_exchange_dag.py
[2024-12-25T23:16:30.666+0000] {processor.py:753} INFO - DAG(s) dict_keys(['etl_pipeline']) retrieved from /opt/airflow/dags/currency_exchange_dag.py
[2024-12-25T23:16:30.680+0000] {logging_mixin.py:137} INFO - [2024-12-25T23:16:30.680+0000] {dag.py:2690} INFO - Sync 1 DAGs
[2024-12-25T23:16:30.691+0000] {logging_mixin.py:137} INFO - [2024-12-25T23:16:30.691+0000] {dag.py:3437} INFO - Setting next_dagrun for etl_pipeline to 2024-12-25T00:00:00+00:00, run_after=2024-12-26T00:00:00+00:00
[2024-12-25T23:16:30.699+0000] {processor.py:175} INFO - Processing /opt/airflow/dags/currency_exchange_dag.py took 0.044 seconds
[2024-12-25T23:17:00.963+0000] {processor.py:153} INFO - Started process (PID=40) to work on /opt/airflow/dags/currency_exchange_dag.py
[2024-12-25T23:17:00.964+0000] {processor.py:743} INFO - Processing file /opt/airflow/dags/currency_exchange_dag.py for tasks to queue
[2024-12-25T23:17:00.965+0000] {logging_mixin.py:137} INFO - [2024-12-25T23:17:00.965+0000] {dagbag.py:538} INFO - Filling up the DagBag from /opt/airflow/dags/currency_exchange_dag.py
[2024-12-25T23:17:00.978+0000] {processor.py:753} INFO - DAG(s) dict_keys(['etl_pipeline']) retrieved from /opt/airflow/dags/currency_exchange_dag.py
[2024-12-25T23:17:00.997+0000] {logging_mixin.py:137} INFO - [2024-12-25T23:17:00.997+0000] {dag.py:2690} INFO - Sync 1 DAGs
[2024-12-25T23:17:01.009+0000] {logging_mixin.py:137} INFO - [2024-12-25T23:17:01.009+0000] {dag.py:3437} INFO - Setting next_dagrun for etl_pipeline to 2024-12-25T00:00:00+00:00, run_after=2024-12-26T00:00:00+00:00
[2024-12-25T23:17:01.017+0000] {processor.py:175} INFO - Processing /opt/airflow/dags/currency_exchange_dag.py took 0.057 seconds
[2024-12-25T23:17:31.264+0000] {processor.py:153} INFO - Started process (PID=41) to work on /opt/airflow/dags/currency_exchange_dag.py
[2024-12-25T23:17:31.265+0000] {processor.py:743} INFO - Processing file /opt/airflow/dags/currency_exchange_dag.py for tasks to queue
[2024-12-25T23:17:31.265+0000] {logging_mixin.py:137} INFO - [2024-12-25T23:17:31.265+0000] {dagbag.py:538} INFO - Filling up the DagBag from /opt/airflow/dags/currency_exchange_dag.py
[2024-12-25T23:17:31.278+0000] {processor.py:753} INFO - DAG(s) dict_keys(['etl_pipeline']) retrieved from /opt/airflow/dags/currency_exchange_dag.py
[2024-12-25T23:17:31.295+0000] {logging_mixin.py:137} INFO - [2024-12-25T23:17:31.295+0000] {dag.py:2690} INFO - Sync 1 DAGs
[2024-12-25T23:17:31.305+0000] {logging_mixin.py:137} INFO - [2024-12-25T23:17:31.305+0000] {dag.py:3437} INFO - Setting next_dagrun for etl_pipeline to 2024-12-25T00:00:00+00:00, run_after=2024-12-26T00:00:00+00:00
[2024-12-25T23:17:31.312+0000] {processor.py:175} INFO - Processing /opt/airflow/dags/currency_exchange_dag.py took 0.051 seconds
[2024-12-25T23:18:01.567+0000] {processor.py:153} INFO - Started process (PID=42) to work on /opt/airflow/dags/currency_exchange_dag.py
[2024-12-25T23:18:01.567+0000] {processor.py:743} INFO - Processing file /opt/airflow/dags/currency_exchange_dag.py for tasks to queue
[2024-12-25T23:18:01.568+0000] {logging_mixin.py:137} INFO - [2024-12-25T23:18:01.568+0000] {dagbag.py:538} INFO - Filling up the DagBag from /opt/airflow/dags/currency_exchange_dag.py
[2024-12-25T23:18:01.582+0000] {processor.py:753} INFO - DAG(s) dict_keys(['etl_pipeline']) retrieved from /opt/airflow/dags/currency_exchange_dag.py
[2024-12-25T23:18:01.601+0000] {logging_mixin.py:137} INFO - [2024-12-25T23:18:01.601+0000] {dag.py:2690} INFO - Sync 1 DAGs
[2024-12-25T23:18:01.610+0000] {logging_mixin.py:137} INFO - [2024-12-25T23:18:01.610+0000] {dag.py:3437} INFO - Setting next_dagrun for etl_pipeline to 2024-12-25T00:00:00+00:00, run_after=2024-12-26T00:00:00+00:00
[2024-12-25T23:18:01.617+0000] {processor.py:175} INFO - Processing /opt/airflow/dags/currency_exchange_dag.py took 0.054 seconds
[2024-12-25T23:25:09.579+0000] {processor.py:153} INFO - Started process (PID=29) to work on /opt/airflow/dags/currency_exchange_dag.py
[2024-12-25T23:25:09.581+0000] {processor.py:743} INFO - Processing file /opt/airflow/dags/currency_exchange_dag.py for tasks to queue
[2024-12-25T23:25:09.581+0000] {logging_mixin.py:137} INFO - [2024-12-25T23:25:09.581+0000] {dagbag.py:538} INFO - Filling up the DagBag from /opt/airflow/dags/currency_exchange_dag.py
[2024-12-25T23:25:09.599+0000] {processor.py:753} INFO - DAG(s) dict_keys(['etl_pipeline']) retrieved from /opt/airflow/dags/currency_exchange_dag.py
[2024-12-25T23:25:09.613+0000] {logging_mixin.py:137} INFO - [2024-12-25T23:25:09.613+0000] {dag.py:2690} INFO - Sync 1 DAGs
[2024-12-25T23:25:09.624+0000] {logging_mixin.py:137} INFO - [2024-12-25T23:25:09.624+0000] {dag.py:3437} INFO - Setting next_dagrun for etl_pipeline to 2024-12-25T00:00:00+00:00, run_after=2024-12-26T00:00:00+00:00
[2024-12-25T23:25:09.633+0000] {processor.py:175} INFO - Processing /opt/airflow/dags/currency_exchange_dag.py took 0.056 seconds
[2024-12-25T23:25:39.845+0000] {processor.py:153} INFO - Started process (PID=30) to work on /opt/airflow/dags/currency_exchange_dag.py
[2024-12-25T23:25:39.846+0000] {processor.py:743} INFO - Processing file /opt/airflow/dags/currency_exchange_dag.py for tasks to queue
[2024-12-25T23:25:39.846+0000] {logging_mixin.py:137} INFO - [2024-12-25T23:25:39.846+0000] {dagbag.py:538} INFO - Filling up the DagBag from /opt/airflow/dags/currency_exchange_dag.py
[2024-12-25T23:25:39.858+0000] {processor.py:753} INFO - DAG(s) dict_keys(['etl_pipeline']) retrieved from /opt/airflow/dags/currency_exchange_dag.py
[2024-12-25T23:25:39.874+0000] {logging_mixin.py:137} INFO - [2024-12-25T23:25:39.874+0000] {dag.py:2690} INFO - Sync 1 DAGs
[2024-12-25T23:25:39.883+0000] {logging_mixin.py:137} INFO - [2024-12-25T23:25:39.883+0000] {dag.py:3437} INFO - Setting next_dagrun for etl_pipeline to 2024-12-25T00:00:00+00:00, run_after=2024-12-26T00:00:00+00:00
[2024-12-25T23:25:39.889+0000] {processor.py:175} INFO - Processing /opt/airflow/dags/currency_exchange_dag.py took 0.046 seconds
[2024-12-25T23:26:10.119+0000] {processor.py:153} INFO - Started process (PID=31) to work on /opt/airflow/dags/currency_exchange_dag.py
[2024-12-25T23:26:10.120+0000] {processor.py:743} INFO - Processing file /opt/airflow/dags/currency_exchange_dag.py for tasks to queue
[2024-12-25T23:26:10.120+0000] {logging_mixin.py:137} INFO - [2024-12-25T23:26:10.120+0000] {dagbag.py:538} INFO - Filling up the DagBag from /opt/airflow/dags/currency_exchange_dag.py
[2024-12-25T23:26:10.132+0000] {processor.py:753} INFO - DAG(s) dict_keys(['etl_pipeline']) retrieved from /opt/airflow/dags/currency_exchange_dag.py
[2024-12-25T23:26:10.148+0000] {logging_mixin.py:137} INFO - [2024-12-25T23:26:10.148+0000] {dag.py:2690} INFO - Sync 1 DAGs
[2024-12-25T23:26:10.157+0000] {logging_mixin.py:137} INFO - [2024-12-25T23:26:10.157+0000] {dag.py:3437} INFO - Setting next_dagrun for etl_pipeline to 2024-12-25T00:00:00+00:00, run_after=2024-12-26T00:00:00+00:00
[2024-12-25T23:26:10.164+0000] {processor.py:175} INFO - Processing /opt/airflow/dags/currency_exchange_dag.py took 0.047 seconds
[2024-12-25T23:26:40.374+0000] {processor.py:153} INFO - Started process (PID=32) to work on /opt/airflow/dags/currency_exchange_dag.py
[2024-12-25T23:26:40.375+0000] {processor.py:743} INFO - Processing file /opt/airflow/dags/currency_exchange_dag.py for tasks to queue
[2024-12-25T23:26:40.375+0000] {logging_mixin.py:137} INFO - [2024-12-25T23:26:40.375+0000] {dagbag.py:538} INFO - Filling up the DagBag from /opt/airflow/dags/currency_exchange_dag.py
[2024-12-25T23:26:40.387+0000] {processor.py:753} INFO - DAG(s) dict_keys(['etl_pipeline']) retrieved from /opt/airflow/dags/currency_exchange_dag.py
[2024-12-25T23:26:40.403+0000] {logging_mixin.py:137} INFO - [2024-12-25T23:26:40.403+0000] {dag.py:2690} INFO - Sync 1 DAGs
[2024-12-25T23:26:40.411+0000] {logging_mixin.py:137} INFO - [2024-12-25T23:26:40.411+0000] {dag.py:3437} INFO - Setting next_dagrun for etl_pipeline to 2024-12-25T00:00:00+00:00, run_after=2024-12-26T00:00:00+00:00
[2024-12-25T23:26:40.417+0000] {processor.py:175} INFO - Processing /opt/airflow/dags/currency_exchange_dag.py took 0.047 seconds
[2024-12-25T23:27:10.666+0000] {processor.py:153} INFO - Started process (PID=33) to work on /opt/airflow/dags/currency_exchange_dag.py
[2024-12-25T23:27:10.666+0000] {processor.py:743} INFO - Processing file /opt/airflow/dags/currency_exchange_dag.py for tasks to queue
[2024-12-25T23:27:10.667+0000] {logging_mixin.py:137} INFO - [2024-12-25T23:27:10.667+0000] {dagbag.py:538} INFO - Filling up the DagBag from /opt/airflow/dags/currency_exchange_dag.py
[2024-12-25T23:27:10.681+0000] {processor.py:753} INFO - DAG(s) dict_keys(['etl_pipeline']) retrieved from /opt/airflow/dags/currency_exchange_dag.py
[2024-12-25T23:27:10.697+0000] {logging_mixin.py:137} INFO - [2024-12-25T23:27:10.696+0000] {dag.py:2690} INFO - Sync 1 DAGs
[2024-12-25T23:27:10.706+0000] {logging_mixin.py:137} INFO - [2024-12-25T23:27:10.706+0000] {dag.py:3437} INFO - Setting next_dagrun for etl_pipeline to 2024-12-25T00:00:00+00:00, run_after=2024-12-26T00:00:00+00:00
[2024-12-25T23:27:10.712+0000] {processor.py:175} INFO - Processing /opt/airflow/dags/currency_exchange_dag.py took 0.050 seconds
[2024-12-25T23:27:40.954+0000] {processor.py:153} INFO - Started process (PID=34) to work on /opt/airflow/dags/currency_exchange_dag.py
[2024-12-25T23:27:40.955+0000] {processor.py:743} INFO - Processing file /opt/airflow/dags/currency_exchange_dag.py for tasks to queue
[2024-12-25T23:27:40.955+0000] {logging_mixin.py:137} INFO - [2024-12-25T23:27:40.955+0000] {dagbag.py:538} INFO - Filling up the DagBag from /opt/airflow/dags/currency_exchange_dag.py
[2024-12-25T23:27:40.967+0000] {processor.py:753} INFO - DAG(s) dict_keys(['etl_pipeline']) retrieved from /opt/airflow/dags/currency_exchange_dag.py
[2024-12-25T23:27:40.983+0000] {logging_mixin.py:137} INFO - [2024-12-25T23:27:40.983+0000] {dag.py:2690} INFO - Sync 1 DAGs
[2024-12-25T23:27:40.994+0000] {logging_mixin.py:137} INFO - [2024-12-25T23:27:40.994+0000] {dag.py:3437} INFO - Setting next_dagrun for etl_pipeline to 2024-12-25T00:00:00+00:00, run_after=2024-12-26T00:00:00+00:00
[2024-12-25T23:27:41.000+0000] {processor.py:175} INFO - Processing /opt/airflow/dags/currency_exchange_dag.py took 0.049 seconds
[2024-12-25T23:28:11.261+0000] {processor.py:153} INFO - Started process (PID=35) to work on /opt/airflow/dags/currency_exchange_dag.py
[2024-12-25T23:28:11.261+0000] {processor.py:743} INFO - Processing file /opt/airflow/dags/currency_exchange_dag.py for tasks to queue
[2024-12-25T23:28:11.262+0000] {logging_mixin.py:137} INFO - [2024-12-25T23:28:11.262+0000] {dagbag.py:538} INFO - Filling up the DagBag from /opt/airflow/dags/currency_exchange_dag.py
[2024-12-25T23:28:11.272+0000] {processor.py:753} INFO - DAG(s) dict_keys(['etl_pipeline']) retrieved from /opt/airflow/dags/currency_exchange_dag.py
[2024-12-25T23:28:11.286+0000] {logging_mixin.py:137} INFO - [2024-12-25T23:28:11.286+0000] {dag.py:2690} INFO - Sync 1 DAGs
[2024-12-25T23:28:11.296+0000] {logging_mixin.py:137} INFO - [2024-12-25T23:28:11.295+0000] {dag.py:3437} INFO - Setting next_dagrun for etl_pipeline to 2024-12-25T00:00:00+00:00, run_after=2024-12-26T00:00:00+00:00
[2024-12-25T23:28:11.302+0000] {processor.py:175} INFO - Processing /opt/airflow/dags/currency_exchange_dag.py took 0.044 seconds
[2024-12-25T23:28:41.550+0000] {processor.py:153} INFO - Started process (PID=36) to work on /opt/airflow/dags/currency_exchange_dag.py
[2024-12-25T23:28:41.550+0000] {processor.py:743} INFO - Processing file /opt/airflow/dags/currency_exchange_dag.py for tasks to queue
[2024-12-25T23:28:41.551+0000] {logging_mixin.py:137} INFO - [2024-12-25T23:28:41.551+0000] {dagbag.py:538} INFO - Filling up the DagBag from /opt/airflow/dags/currency_exchange_dag.py
[2024-12-25T23:28:41.560+0000] {processor.py:753} INFO - DAG(s) dict_keys(['etl_pipeline']) retrieved from /opt/airflow/dags/currency_exchange_dag.py
[2024-12-25T23:28:41.575+0000] {logging_mixin.py:137} INFO - [2024-12-25T23:28:41.575+0000] {dag.py:2690} INFO - Sync 1 DAGs
[2024-12-25T23:28:41.585+0000] {logging_mixin.py:137} INFO - [2024-12-25T23:28:41.585+0000] {dag.py:3437} INFO - Setting next_dagrun for etl_pipeline to 2024-12-25T00:00:00+00:00, run_after=2024-12-26T00:00:00+00:00
[2024-12-25T23:28:41.591+0000] {processor.py:175} INFO - Processing /opt/airflow/dags/currency_exchange_dag.py took 0.043 seconds
[2024-12-25T23:29:11.839+0000] {processor.py:153} INFO - Started process (PID=37) to work on /opt/airflow/dags/currency_exchange_dag.py
[2024-12-25T23:29:11.839+0000] {processor.py:743} INFO - Processing file /opt/airflow/dags/currency_exchange_dag.py for tasks to queue
[2024-12-25T23:29:11.840+0000] {logging_mixin.py:137} INFO - [2024-12-25T23:29:11.840+0000] {dagbag.py:538} INFO - Filling up the DagBag from /opt/airflow/dags/currency_exchange_dag.py
[2024-12-25T23:29:11.852+0000] {processor.py:753} INFO - DAG(s) dict_keys(['etl_pipeline']) retrieved from /opt/airflow/dags/currency_exchange_dag.py
[2024-12-25T23:29:11.868+0000] {logging_mixin.py:137} INFO - [2024-12-25T23:29:11.868+0000] {dag.py:2690} INFO - Sync 1 DAGs
[2024-12-25T23:29:11.878+0000] {logging_mixin.py:137} INFO - [2024-12-25T23:29:11.878+0000] {dag.py:3437} INFO - Setting next_dagrun for etl_pipeline to 2024-12-25T00:00:00+00:00, run_after=2024-12-26T00:00:00+00:00
[2024-12-25T23:29:11.885+0000] {processor.py:175} INFO - Processing /opt/airflow/dags/currency_exchange_dag.py took 0.049 seconds
[2024-12-25T23:29:42.132+0000] {processor.py:153} INFO - Started process (PID=38) to work on /opt/airflow/dags/currency_exchange_dag.py
[2024-12-25T23:29:42.133+0000] {processor.py:743} INFO - Processing file /opt/airflow/dags/currency_exchange_dag.py for tasks to queue
[2024-12-25T23:29:42.134+0000] {logging_mixin.py:137} INFO - [2024-12-25T23:29:42.134+0000] {dagbag.py:538} INFO - Filling up the DagBag from /opt/airflow/dags/currency_exchange_dag.py
[2024-12-25T23:29:42.146+0000] {processor.py:753} INFO - DAG(s) dict_keys(['etl_pipeline']) retrieved from /opt/airflow/dags/currency_exchange_dag.py
[2024-12-25T23:29:42.163+0000] {logging_mixin.py:137} INFO - [2024-12-25T23:29:42.162+0000] {dag.py:2690} INFO - Sync 1 DAGs
[2024-12-25T23:29:42.173+0000] {logging_mixin.py:137} INFO - [2024-12-25T23:29:42.173+0000] {dag.py:3437} INFO - Setting next_dagrun for etl_pipeline to 2024-12-25T00:00:00+00:00, run_after=2024-12-26T00:00:00+00:00
[2024-12-25T23:29:42.180+0000] {processor.py:175} INFO - Processing /opt/airflow/dags/currency_exchange_dag.py took 0.051 seconds
[2024-12-25T23:30:12.450+0000] {processor.py:153} INFO - Started process (PID=39) to work on /opt/airflow/dags/currency_exchange_dag.py
[2024-12-25T23:30:12.450+0000] {processor.py:743} INFO - Processing file /opt/airflow/dags/currency_exchange_dag.py for tasks to queue
[2024-12-25T23:30:12.451+0000] {logging_mixin.py:137} INFO - [2024-12-25T23:30:12.451+0000] {dagbag.py:538} INFO - Filling up the DagBag from /opt/airflow/dags/currency_exchange_dag.py
[2024-12-25T23:30:12.462+0000] {processor.py:753} INFO - DAG(s) dict_keys(['etl_pipeline']) retrieved from /opt/airflow/dags/currency_exchange_dag.py
[2024-12-25T23:30:12.477+0000] {logging_mixin.py:137} INFO - [2024-12-25T23:30:12.477+0000] {dag.py:2690} INFO - Sync 1 DAGs
[2024-12-25T23:30:12.487+0000] {logging_mixin.py:137} INFO - [2024-12-25T23:30:12.486+0000] {dag.py:3437} INFO - Setting next_dagrun for etl_pipeline to 2024-12-25T00:00:00+00:00, run_after=2024-12-26T00:00:00+00:00
[2024-12-25T23:30:12.493+0000] {processor.py:175} INFO - Processing /opt/airflow/dags/currency_exchange_dag.py took 0.046 seconds
[2024-12-25T23:30:42.726+0000] {processor.py:153} INFO - Started process (PID=40) to work on /opt/airflow/dags/currency_exchange_dag.py
[2024-12-25T23:30:42.727+0000] {processor.py:743} INFO - Processing file /opt/airflow/dags/currency_exchange_dag.py for tasks to queue
[2024-12-25T23:30:42.727+0000] {logging_mixin.py:137} INFO - [2024-12-25T23:30:42.727+0000] {dagbag.py:538} INFO - Filling up the DagBag from /opt/airflow/dags/currency_exchange_dag.py
[2024-12-25T23:30:42.736+0000] {processor.py:753} INFO - DAG(s) dict_keys(['etl_pipeline']) retrieved from /opt/airflow/dags/currency_exchange_dag.py
[2024-12-25T23:30:42.752+0000] {logging_mixin.py:137} INFO - [2024-12-25T23:30:42.752+0000] {dag.py:2690} INFO - Sync 1 DAGs
[2024-12-25T23:30:42.762+0000] {logging_mixin.py:137} INFO - [2024-12-25T23:30:42.762+0000] {dag.py:3437} INFO - Setting next_dagrun for etl_pipeline to 2024-12-25T00:00:00+00:00, run_after=2024-12-26T00:00:00+00:00
[2024-12-25T23:30:42.769+0000] {processor.py:175} INFO - Processing /opt/airflow/dags/currency_exchange_dag.py took 0.046 seconds
[2024-12-25T23:31:13.037+0000] {processor.py:153} INFO - Started process (PID=41) to work on /opt/airflow/dags/currency_exchange_dag.py
[2024-12-25T23:31:13.037+0000] {processor.py:743} INFO - Processing file /opt/airflow/dags/currency_exchange_dag.py for tasks to queue
[2024-12-25T23:31:13.038+0000] {logging_mixin.py:137} INFO - [2024-12-25T23:31:13.038+0000] {dagbag.py:538} INFO - Filling up the DagBag from /opt/airflow/dags/currency_exchange_dag.py
[2024-12-25T23:31:13.051+0000] {processor.py:753} INFO - DAG(s) dict_keys(['etl_pipeline']) retrieved from /opt/airflow/dags/currency_exchange_dag.py
[2024-12-25T23:31:13.068+0000] {logging_mixin.py:137} INFO - [2024-12-25T23:31:13.068+0000] {dag.py:2690} INFO - Sync 1 DAGs
[2024-12-25T23:31:13.080+0000] {logging_mixin.py:137} INFO - [2024-12-25T23:31:13.080+0000] {dag.py:3437} INFO - Setting next_dagrun for etl_pipeline to 2024-12-25T00:00:00+00:00, run_after=2024-12-26T00:00:00+00:00
[2024-12-25T23:31:13.087+0000] {processor.py:175} INFO - Processing /opt/airflow/dags/currency_exchange_dag.py took 0.054 seconds
[2024-12-25T23:31:43.347+0000] {processor.py:153} INFO - Started process (PID=42) to work on /opt/airflow/dags/currency_exchange_dag.py
[2024-12-25T23:31:43.349+0000] {processor.py:743} INFO - Processing file /opt/airflow/dags/currency_exchange_dag.py for tasks to queue
[2024-12-25T23:31:43.351+0000] {logging_mixin.py:137} INFO - [2024-12-25T23:31:43.351+0000] {dagbag.py:538} INFO - Filling up the DagBag from /opt/airflow/dags/currency_exchange_dag.py
[2024-12-25T23:31:43.389+0000] {processor.py:753} INFO - DAG(s) dict_keys(['etl_pipeline']) retrieved from /opt/airflow/dags/currency_exchange_dag.py
[2024-12-25T23:31:43.416+0000] {logging_mixin.py:137} INFO - [2024-12-25T23:31:43.416+0000] {dag.py:2690} INFO - Sync 1 DAGs
[2024-12-25T23:31:43.430+0000] {logging_mixin.py:137} INFO - [2024-12-25T23:31:43.430+0000] {dag.py:3437} INFO - Setting next_dagrun for etl_pipeline to 2024-12-25T00:00:00+00:00, run_after=2024-12-26T00:00:00+00:00
[2024-12-25T23:31:43.437+0000] {processor.py:175} INFO - Processing /opt/airflow/dags/currency_exchange_dag.py took 0.096 seconds
[2024-12-25T23:32:13.594+0000] {processor.py:153} INFO - Started process (PID=43) to work on /opt/airflow/dags/currency_exchange_dag.py
[2024-12-25T23:32:13.594+0000] {processor.py:743} INFO - Processing file /opt/airflow/dags/currency_exchange_dag.py for tasks to queue
[2024-12-25T23:32:13.594+0000] {logging_mixin.py:137} INFO - [2024-12-25T23:32:13.594+0000] {dagbag.py:538} INFO - Filling up the DagBag from /opt/airflow/dags/currency_exchange_dag.py
[2024-12-25T23:32:13.605+0000] {processor.py:753} INFO - DAG(s) dict_keys(['etl_pipeline']) retrieved from /opt/airflow/dags/currency_exchange_dag.py
[2024-12-25T23:32:13.621+0000] {logging_mixin.py:137} INFO - [2024-12-25T23:32:13.621+0000] {dag.py:2690} INFO - Sync 1 DAGs
[2024-12-25T23:32:13.632+0000] {logging_mixin.py:137} INFO - [2024-12-25T23:32:13.632+0000] {dag.py:3437} INFO - Setting next_dagrun for etl_pipeline to 2024-12-25T00:00:00+00:00, run_after=2024-12-26T00:00:00+00:00
[2024-12-25T23:32:13.639+0000] {processor.py:175} INFO - Processing /opt/airflow/dags/currency_exchange_dag.py took 0.047 seconds
