[2024-12-25T22:35:38.787+0000] {manager.py:483} INFO - Processing files using up to 2 processes at a time 
[2024-12-25T22:35:38.789+0000] {manager.py:484} INFO - Process each file at most once every 30 seconds
[2024-12-25T22:35:38.789+0000] {manager.py:485} INFO - Checking for new files in /opt/airflow/dags every 300 seconds
[2024-12-25T22:35:38.790+0000] {manager.py:726} INFO - Searching for files in /opt/airflow/dags
[2024-12-25T22:35:38.796+0000] {manager.py:729} INFO - There are 1 files in /opt/airflow/dags
[2024-12-25T22:35:38.840+0000] {manager.py:854} INFO - 
================================================================================
DAG File Processing Stats

File Path                                     PID  Runtime      # DAGs    # Errors  Last Runtime    Last Run
------------------------------------------  -----  ---------  --------  ----------  --------------  ----------
/opt/airflow/dags/currency_exchange_dag.py     29  0.02s             0           0
================================================================================
[2024-12-25T22:36:09.065+0000] {manager.py:854} INFO - 
================================================================================
DAG File Processing Stats

File Path                                     PID  Runtime      # DAGs    # Errors  Last Runtime    Last Run
------------------------------------------  -----  ---------  --------  ----------  --------------  -------------------
/opt/airflow/dags/currency_exchange_dag.py     30  0.00s             1           0  0.06s           2024-12-25T22:35:38
================================================================================
[2024-12-25T22:36:39.391+0000] {manager.py:854} INFO - 
================================================================================
DAG File Processing Stats

File Path                                     PID  Runtime      # DAGs    # Errors  Last Runtime    Last Run
------------------------------------------  -----  ---------  --------  ----------  --------------  -------------------
/opt/airflow/dags/currency_exchange_dag.py     31  0.01s             1           0  0.06s           2024-12-25T22:36:09
================================================================================
[2024-12-25T22:37:09.676+0000] {manager.py:854} INFO - 
================================================================================
DAG File Processing Stats

File Path                                     PID  Runtime      # DAGs    # Errors  Last Runtime    Last Run
------------------------------------------  -----  ---------  --------  ----------  --------------  -------------------
/opt/airflow/dags/currency_exchange_dag.py     32  0.01s             1           0  0.07s           2024-12-25T22:36:39
================================================================================
[2024-12-25T22:37:39.965+0000] {manager.py:854} INFO - 
================================================================================
DAG File Processing Stats

File Path                                     PID  Runtime      # DAGs    # Errors  Last Runtime    Last Run
------------------------------------------  -----  ---------  --------  ----------  --------------  -------------------
/opt/airflow/dags/currency_exchange_dag.py     33  0.00s             1           0  0.07s           2024-12-25T22:37:09
================================================================================
[2024-12-25T22:38:10.252+0000] {manager.py:854} INFO - 
================================================================================
DAG File Processing Stats

File Path                                     PID  Runtime      # DAGs    # Errors  Last Runtime    Last Run
------------------------------------------  -----  ---------  --------  ----------  --------------  -------------------
/opt/airflow/dags/currency_exchange_dag.py     34  0.00s             1           0  0.06s           2024-12-25T22:37:40
================================================================================
[2024-12-25T22:38:40.536+0000] {manager.py:854} INFO - 
================================================================================
DAG File Processing Stats

File Path                                     PID  Runtime      # DAGs    # Errors  Last Runtime    Last Run
------------------------------------------  -----  ---------  --------  ----------  --------------  -------------------
/opt/airflow/dags/currency_exchange_dag.py     35  0.01s             1           0  0.05s           2024-12-25T22:38:10
================================================================================
[2024-12-25T22:39:10.822+0000] {manager.py:854} INFO - 
================================================================================
DAG File Processing Stats

File Path                                     PID  Runtime      # DAGs    # Errors  Last Runtime    Last Run
------------------------------------------  -----  ---------  --------  ----------  --------------  -------------------
/opt/airflow/dags/currency_exchange_dag.py     36  0.00s             1           0  0.07s           2024-12-25T22:38:40
================================================================================
[2024-12-25T22:39:41.107+0000] {manager.py:854} INFO - 
================================================================================
DAG File Processing Stats

File Path                                     PID  Runtime      # DAGs    # Errors  Last Runtime    Last Run
------------------------------------------  -----  ---------  --------  ----------  --------------  -------------------
/opt/airflow/dags/currency_exchange_dag.py     37  0.01s             1           0  0.06s           2024-12-25T22:39:10
================================================================================
[2024-12-25T22:40:11.384+0000] {manager.py:854} INFO - 
================================================================================
DAG File Processing Stats

File Path                                     PID  Runtime      # DAGs    # Errors  Last Runtime    Last Run
------------------------------------------  -----  ---------  --------  ----------  --------------  -------------------
/opt/airflow/dags/currency_exchange_dag.py     38  0.01s             1           0  0.07s           2024-12-25T22:39:41
================================================================================
[2024-12-25T22:40:39.638+0000] {manager.py:726} INFO - Searching for files in /opt/airflow/dags
[2024-12-25T22:40:39.644+0000] {manager.py:729} INFO - There are 1 files in /opt/airflow/dags
[2024-12-25T22:40:41.682+0000] {manager.py:854} INFO - 
================================================================================
DAG File Processing Stats

File Path                                     PID  Runtime      # DAGs    # Errors  Last Runtime    Last Run
------------------------------------------  -----  ---------  --------  ----------  --------------  -------------------
/opt/airflow/dags/currency_exchange_dag.py     39  0.01s             1           0  0.08s           2024-12-25T22:40:11
================================================================================
[2024-12-25T22:41:11.970+0000] {manager.py:854} INFO - 
================================================================================
DAG File Processing Stats

File Path                                     PID  Runtime      # DAGs    # Errors  Last Runtime    Last Run
------------------------------------------  -----  ---------  --------  ----------  --------------  -------------------
/opt/airflow/dags/currency_exchange_dag.py     40  0.01s             1           0  0.06s           2024-12-25T22:40:41
================================================================================
[2024-12-25T22:41:42.257+0000] {manager.py:854} INFO - 
================================================================================
DAG File Processing Stats

File Path                                     PID  Runtime      # DAGs    # Errors  Last Runtime    Last Run
------------------------------------------  -----  ---------  --------  ----------  --------------  -------------------
/opt/airflow/dags/currency_exchange_dag.py     41  0.01s             1           0  0.07s           2024-12-25T22:41:12
================================================================================
[2024-12-25T22:42:12.525+0000] {manager.py:854} INFO - 
================================================================================
DAG File Processing Stats

File Path                                     PID  Runtime      # DAGs    # Errors  Last Runtime    Last Run
------------------------------------------  -----  ---------  --------  ----------  --------------  -------------------
/opt/airflow/dags/currency_exchange_dag.py     42  0.01s             1           0  0.06s           2024-12-25T22:41:42
================================================================================
[2024-12-25T22:42:42.829+0000] {manager.py:854} INFO - 
================================================================================
DAG File Processing Stats

File Path                                     PID  Runtime      # DAGs    # Errors  Last Runtime    Last Run
------------------------------------------  -----  ---------  --------  ----------  --------------  -------------------
/opt/airflow/dags/currency_exchange_dag.py     43  0.01s             1           0  0.06s           2024-12-25T22:42:12
================================================================================
[2024-12-25T22:43:13.149+0000] {manager.py:854} INFO - 
================================================================================
DAG File Processing Stats

File Path                                     PID  Runtime      # DAGs    # Errors  Last Runtime    Last Run
------------------------------------------  -----  ---------  --------  ----------  --------------  -------------------
/opt/airflow/dags/currency_exchange_dag.py     44  0.01s             1           0  0.07s           2024-12-25T22:42:42
================================================================================
[2024-12-25T22:43:43.460+0000] {manager.py:854} INFO - 
================================================================================
DAG File Processing Stats

File Path                                     PID  Runtime      # DAGs    # Errors  Last Runtime    Last Run
------------------------------------------  -----  ---------  --------  ----------  --------------  -------------------
/opt/airflow/dags/currency_exchange_dag.py     45  0.01s             1           0  0.07s           2024-12-25T22:43:13
================================================================================
[2024-12-25T22:44:13.762+0000] {manager.py:854} INFO - 
================================================================================
DAG File Processing Stats

File Path                                     PID  Runtime      # DAGs    # Errors  Last Runtime    Last Run
------------------------------------------  -----  ---------  --------  ----------  --------------  -------------------
/opt/airflow/dags/currency_exchange_dag.py     46  0.01s             1           0  0.07s           2024-12-25T22:43:43
================================================================================
[2024-12-25T22:44:44.065+0000] {manager.py:854} INFO - 
================================================================================
DAG File Processing Stats

File Path                                     PID  Runtime      # DAGs    # Errors  Last Runtime    Last Run
------------------------------------------  -----  ---------  --------  ----------  --------------  -------------------
/opt/airflow/dags/currency_exchange_dag.py     47  0.00s             1           0  0.06s           2024-12-25T22:44:13
================================================================================
[2024-12-25T22:45:01.524+0000] {manager.py:465} INFO - Exiting gracefully upon receiving signal 15
[2024-12-25T22:52:23.720+0000] {manager.py:483} INFO - Processing files using up to 2 processes at a time 
[2024-12-25T22:52:23.721+0000] {manager.py:484} INFO - Process each file at most once every 30 seconds
[2024-12-25T22:52:23.722+0000] {manager.py:485} INFO - Checking for new files in /opt/airflow/dags every 300 seconds
[2024-12-25T22:52:23.722+0000] {manager.py:726} INFO - Searching for files in /opt/airflow/dags
[2024-12-25T22:52:23.725+0000] {manager.py:729} INFO - There are 1 files in /opt/airflow/dags
[2024-12-25T22:52:23.764+0000] {manager.py:854} INFO - 
================================================================================
DAG File Processing Stats

File Path                                     PID  Runtime      # DAGs    # Errors  Last Runtime    Last Run
------------------------------------------  -----  ---------  --------  ----------  --------------  ----------
/opt/airflow/dags/currency_exchange_dag.py     29  0.02s             0           0
================================================================================
[2024-12-25T22:52:54.031+0000] {manager.py:854} INFO - 
================================================================================
DAG File Processing Stats

File Path                                     PID  Runtime      # DAGs    # Errors  Last Runtime    Last Run
------------------------------------------  -----  ---------  --------  ----------  --------------  -------------------
/opt/airflow/dags/currency_exchange_dag.py     30  0.01s             1           0  0.06s           2024-12-25T22:52:23
================================================================================
[2024-12-25T22:53:24.354+0000] {manager.py:854} INFO - 
================================================================================
DAG File Processing Stats

File Path                                     PID  Runtime      # DAGs    # Errors  Last Runtime    Last Run
------------------------------------------  -----  ---------  --------  ----------  --------------  -------------------
/opt/airflow/dags/currency_exchange_dag.py     31  0.01s             1           0  0.08s           2024-12-25T22:52:54
================================================================================
[2024-12-25T22:53:54.656+0000] {manager.py:854} INFO - 
================================================================================
DAG File Processing Stats

File Path                                     PID  Runtime      # DAGs    # Errors  Last Runtime    Last Run
------------------------------------------  -----  ---------  --------  ----------  --------------  -------------------
/opt/airflow/dags/currency_exchange_dag.py     32  0.01s             1           0  0.07s           2024-12-25T22:53:24
================================================================================
[2024-12-25T22:54:24.929+0000] {manager.py:854} INFO - 
================================================================================
DAG File Processing Stats

File Path                                     PID  Runtime      # DAGs    # Errors  Last Runtime    Last Run
------------------------------------------  -----  ---------  --------  ----------  --------------  -------------------
/opt/airflow/dags/currency_exchange_dag.py     33  0.01s             1           0  0.07s           2024-12-25T22:53:54
================================================================================
[2024-12-25T22:54:55.219+0000] {manager.py:854} INFO - 
================================================================================
DAG File Processing Stats

File Path                                     PID  Runtime      # DAGs    # Errors  Last Runtime    Last Run
------------------------------------------  -----  ---------  --------  ----------  --------------  -------------------
/opt/airflow/dags/currency_exchange_dag.py     34  0.00s             1           0  0.07s           2024-12-25T22:54:24
================================================================================
[2024-12-25T22:55:25.513+0000] {manager.py:854} INFO - 
================================================================================
DAG File Processing Stats

File Path                                     PID  Runtime      # DAGs    # Errors  Last Runtime    Last Run
------------------------------------------  -----  ---------  --------  ----------  --------------  -------------------
/opt/airflow/dags/currency_exchange_dag.py     35  0.01s             1           0  0.06s           2024-12-25T22:54:55
================================================================================
[2024-12-25T22:55:55.805+0000] {manager.py:854} INFO - 
================================================================================
DAG File Processing Stats

File Path                                     PID  Runtime      # DAGs    # Errors  Last Runtime    Last Run
------------------------------------------  -----  ---------  --------  ----------  --------------  -------------------
/opt/airflow/dags/currency_exchange_dag.py     36  0.01s             1           0  0.06s           2024-12-25T22:55:25
================================================================================
[2024-12-25T22:56:26.088+0000] {manager.py:854} INFO - 
================================================================================
DAG File Processing Stats

File Path                                     PID  Runtime      # DAGs    # Errors  Last Runtime    Last Run
------------------------------------------  -----  ---------  --------  ----------  --------------  -------------------
/opt/airflow/dags/currency_exchange_dag.py     37  0.01s             1           0  0.07s           2024-12-25T22:55:55
================================================================================
[2024-12-25T22:56:56.370+0000] {manager.py:854} INFO - 
================================================================================
DAG File Processing Stats

File Path                                     PID  Runtime      # DAGs    # Errors  Last Runtime    Last Run
------------------------------------------  -----  ---------  --------  ----------  --------------  -------------------
/opt/airflow/dags/currency_exchange_dag.py     38  0.01s             1           0  0.06s           2024-12-25T22:56:26
================================================================================
[2024-12-25T22:57:24.627+0000] {manager.py:726} INFO - Searching for files in /opt/airflow/dags
[2024-12-25T22:57:24.634+0000] {manager.py:729} INFO - There are 1 files in /opt/airflow/dags
[2024-12-25T22:57:26.670+0000] {manager.py:854} INFO - 
================================================================================
DAG File Processing Stats

File Path                                     PID  Runtime      # DAGs    # Errors  Last Runtime    Last Run
------------------------------------------  -----  ---------  --------  ----------  --------------  -------------------
/opt/airflow/dags/currency_exchange_dag.py     39  0.01s             1           0  0.07s           2024-12-25T22:56:56
================================================================================
[2024-12-25T22:57:56.967+0000] {manager.py:854} INFO - 
================================================================================
DAG File Processing Stats

File Path                                     PID  Runtime      # DAGs    # Errors  Last Runtime    Last Run
------------------------------------------  -----  ---------  --------  ----------  --------------  -------------------
/opt/airflow/dags/currency_exchange_dag.py     40  0.01s             1           0  0.07s           2024-12-25T22:57:26
================================================================================
[2024-12-25T22:58:27.289+0000] {manager.py:854} INFO - 
================================================================================
DAG File Processing Stats

File Path                                     PID  Runtime      # DAGs    # Errors  Last Runtime    Last Run
------------------------------------------  -----  ---------  --------  ----------  --------------  -------------------
/opt/airflow/dags/currency_exchange_dag.py     41  0.00s             1           0  0.08s           2024-12-25T22:57:57
================================================================================
[2024-12-25T22:58:57.612+0000] {manager.py:854} INFO - 
================================================================================
DAG File Processing Stats

File Path                                     PID  Runtime      # DAGs    # Errors  Last Runtime    Last Run
------------------------------------------  -----  ---------  --------  ----------  --------------  -------------------
/opt/airflow/dags/currency_exchange_dag.py     42  0.00s             1           0  0.06s           2024-12-25T22:58:27
================================================================================
[2024-12-25T22:59:27.928+0000] {manager.py:854} INFO - 
================================================================================
DAG File Processing Stats

File Path                                     PID  Runtime      # DAGs    # Errors  Last Runtime    Last Run
------------------------------------------  -----  ---------  --------  ----------  --------------  -------------------
/opt/airflow/dags/currency_exchange_dag.py     43  0.01s             1           0  0.06s           2024-12-25T22:58:57
================================================================================
[2024-12-25T22:59:58.232+0000] {manager.py:854} INFO - 
================================================================================
DAG File Processing Stats

File Path                                     PID  Runtime      # DAGs    # Errors  Last Runtime    Last Run
------------------------------------------  -----  ---------  --------  ----------  --------------  -------------------
/opt/airflow/dags/currency_exchange_dag.py     44  0.00s             1           0  0.07s           2024-12-25T22:59:27
================================================================================
[2024-12-25T23:00:28.509+0000] {manager.py:854} INFO - 
================================================================================
DAG File Processing Stats

File Path                                     PID  Runtime      # DAGs    # Errors  Last Runtime    Last Run
------------------------------------------  -----  ---------  --------  ----------  --------------  -------------------
/opt/airflow/dags/currency_exchange_dag.py     45  0.01s             1           0  0.06s           2024-12-25T22:59:58
================================================================================
[2024-12-25T23:00:58.771+0000] {manager.py:854} INFO - 
================================================================================
DAG File Processing Stats

File Path                                     PID  Runtime      # DAGs    # Errors  Last Runtime    Last Run
------------------------------------------  -----  ---------  --------  ----------  --------------  -------------------
/opt/airflow/dags/currency_exchange_dag.py     46  0.00s             1           0  0.07s           2024-12-25T23:00:28
================================================================================
[2024-12-25T23:01:29.073+0000] {manager.py:854} INFO - 
================================================================================
DAG File Processing Stats

File Path                                     PID  Runtime      # DAGs    # Errors  Last Runtime    Last Run
------------------------------------------  -----  ---------  --------  ----------  --------------  -------------------
/opt/airflow/dags/currency_exchange_dag.py     47  0.01s             1           0  0.06s           2024-12-25T23:00:58
================================================================================
[2024-12-25T23:01:59.348+0000] {manager.py:854} INFO - 
================================================================================
DAG File Processing Stats

File Path                                     PID  Runtime      # DAGs    # Errors  Last Runtime    Last Run
------------------------------------------  -----  ---------  --------  ----------  --------------  -------------------
/opt/airflow/dags/currency_exchange_dag.py     48  0.01s             1           0  0.07s           2024-12-25T23:01:29
================================================================================
[2024-12-25T23:02:25.564+0000] {manager.py:726} INFO - Searching for files in /opt/airflow/dags
[2024-12-25T23:02:25.569+0000] {manager.py:729} INFO - There are 1 files in /opt/airflow/dags
[2024-12-25T23:02:29.621+0000] {manager.py:854} INFO - 
================================================================================
DAG File Processing Stats

File Path                                     PID  Runtime      # DAGs    # Errors  Last Runtime    Last Run
------------------------------------------  -----  ---------  --------  ----------  --------------  -------------------
/opt/airflow/dags/currency_exchange_dag.py     49  0.01s             1           0  0.07s           2024-12-25T23:01:59
================================================================================
[2024-12-25T23:02:59.891+0000] {manager.py:854} INFO - 
================================================================================
DAG File Processing Stats

File Path                                     PID  Runtime      # DAGs    # Errors  Last Runtime    Last Run
------------------------------------------  -----  ---------  --------  ----------  --------------  -------------------
/opt/airflow/dags/currency_exchange_dag.py     50  0.01s             1           0  0.06s           2024-12-25T23:02:29
================================================================================
[2024-12-25T23:03:30.181+0000] {manager.py:854} INFO - 
================================================================================
DAG File Processing Stats

File Path                                     PID  Runtime      # DAGs    # Errors  Last Runtime    Last Run
------------------------------------------  -----  ---------  --------  ----------  --------------  -------------------
/opt/airflow/dags/currency_exchange_dag.py     51  0.01s             1           0  0.07s           2024-12-25T23:02:59
================================================================================
[2024-12-25T23:04:00.456+0000] {manager.py:854} INFO - 
================================================================================
DAG File Processing Stats

File Path                                     PID  Runtime      # DAGs    # Errors  Last Runtime    Last Run
------------------------------------------  -----  ---------  --------  ----------  --------------  -------------------
/opt/airflow/dags/currency_exchange_dag.py     52  0.00s             1           0  0.17s           2024-12-25T23:03:30
================================================================================
[2024-12-25T23:04:30.742+0000] {manager.py:854} INFO - 
================================================================================
DAG File Processing Stats

File Path                                     PID  Runtime      # DAGs    # Errors  Last Runtime    Last Run
------------------------------------------  -----  ---------  --------  ----------  --------------  -------------------
/opt/airflow/dags/currency_exchange_dag.py     53  0.01s             1           0  0.06s           2024-12-25T23:04:00
================================================================================
[2024-12-25T23:05:01.008+0000] {manager.py:854} INFO - 
================================================================================
DAG File Processing Stats

File Path                                     PID  Runtime      # DAGs    # Errors  Last Runtime    Last Run
------------------------------------------  -----  ---------  --------  ----------  --------------  -------------------
/opt/airflow/dags/currency_exchange_dag.py     54  0.01s             1           0  0.07s           2024-12-25T23:04:30
================================================================================
[2024-12-25T23:05:31.311+0000] {manager.py:854} INFO - 
================================================================================
DAG File Processing Stats

File Path                                     PID  Runtime      # DAGs    # Errors  Last Runtime    Last Run
------------------------------------------  -----  ---------  --------  ----------  --------------  -------------------
/opt/airflow/dags/currency_exchange_dag.py     55  0.01s             1           0  0.07s           2024-12-25T23:05:01
================================================================================
[2024-12-25T23:06:01.612+0000] {manager.py:854} INFO - 
================================================================================
DAG File Processing Stats

File Path                                     PID  Runtime      # DAGs    # Errors  Last Runtime    Last Run
------------------------------------------  -----  ---------  --------  ----------  --------------  -------------------
/opt/airflow/dags/currency_exchange_dag.py     56  0.01s             1           0  0.06s           2024-12-25T23:05:31
================================================================================
[2024-12-25T23:06:31.927+0000] {manager.py:854} INFO - 
================================================================================
DAG File Processing Stats

File Path                                     PID  Runtime      # DAGs    # Errors  Last Runtime    Last Run
------------------------------------------  -----  ---------  --------  ----------  --------------  -------------------
/opt/airflow/dags/currency_exchange_dag.py     57  0.01s             1           0  0.14s           2024-12-25T23:06:01
================================================================================
[2024-12-25T23:07:02.257+0000] {manager.py:854} INFO - 
================================================================================
DAG File Processing Stats

File Path                                     PID  Runtime      # DAGs    # Errors  Last Runtime    Last Run
------------------------------------------  -----  ---------  --------  ----------  --------------  -------------------
/opt/airflow/dags/currency_exchange_dag.py     58  0.01s             1           0  0.07s           2024-12-25T23:06:31
================================================================================
[2024-12-25T23:07:26.510+0000] {manager.py:726} INFO - Searching for files in /opt/airflow/dags
[2024-12-25T23:07:26.516+0000] {manager.py:729} INFO - There are 1 files in /opt/airflow/dags
[2024-12-25T23:07:32.587+0000] {manager.py:854} INFO - 
================================================================================
DAG File Processing Stats

File Path                                     PID  Runtime      # DAGs    # Errors  Last Runtime    Last Run
------------------------------------------  -----  ---------  --------  ----------  --------------  -------------------
/opt/airflow/dags/currency_exchange_dag.py     59  0.00s             1           0  0.07s           2024-12-25T23:07:02
================================================================================
[2024-12-25T23:08:02.876+0000] {manager.py:854} INFO - 
================================================================================
DAG File Processing Stats

File Path                                     PID  Runtime      # DAGs    # Errors  Last Runtime    Last Run
------------------------------------------  -----  ---------  --------  ----------  --------------  -------------------
/opt/airflow/dags/currency_exchange_dag.py     60  0.01s             1           0  0.06s           2024-12-25T23:07:32
================================================================================
[2024-12-25T23:08:33.179+0000] {manager.py:854} INFO - 
================================================================================
DAG File Processing Stats

File Path                                     PID  Runtime      # DAGs    # Errors  Last Runtime    Last Run
------------------------------------------  -----  ---------  --------  ----------  --------------  -------------------
/opt/airflow/dags/currency_exchange_dag.py     61  0.01s             1           0  0.06s           2024-12-25T23:08:02
================================================================================
[2024-12-25T23:09:03.475+0000] {manager.py:854} INFO - 
================================================================================
DAG File Processing Stats

File Path                                     PID  Runtime      # DAGs    # Errors  Last Runtime    Last Run
------------------------------------------  -----  ---------  --------  ----------  --------------  -------------------
/opt/airflow/dags/currency_exchange_dag.py     62  0.00s             1           0  0.06s           2024-12-25T23:08:33
================================================================================
[2024-12-25T23:09:33.783+0000] {manager.py:854} INFO - 
================================================================================
DAG File Processing Stats

File Path                                     PID  Runtime      # DAGs    # Errors  Last Runtime    Last Run
------------------------------------------  -----  ---------  --------  ----------  --------------  -------------------
/opt/airflow/dags/currency_exchange_dag.py     63  0.01s             1           0  0.06s           2024-12-25T23:09:03
================================================================================
[2024-12-25T23:10:04.088+0000] {manager.py:854} INFO - 
================================================================================
DAG File Processing Stats

File Path                                     PID  Runtime      # DAGs    # Errors  Last Runtime    Last Run
------------------------------------------  -----  ---------  --------  ----------  --------------  -------------------
/opt/airflow/dags/currency_exchange_dag.py     64  0.01s             1           0  0.07s           2024-12-25T23:09:33
================================================================================
[2024-12-25T23:10:34.404+0000] {manager.py:854} INFO - 
================================================================================
DAG File Processing Stats

File Path                                     PID  Runtime      # DAGs    # Errors  Last Runtime    Last Run
------------------------------------------  -----  ---------  --------  ----------  --------------  -------------------
/opt/airflow/dags/currency_exchange_dag.py     65  0.01s             1           0  0.06s           2024-12-25T23:10:04
================================================================================
[2024-12-25T23:11:03.879+0000] {manager.py:465} INFO - Exiting gracefully upon receiving signal 15
[2024-12-25T23:11:27.589+0000] {manager.py:483} INFO - Processing files using up to 2 processes at a time 
[2024-12-25T23:11:27.590+0000] {manager.py:484} INFO - Process each file at most once every 30 seconds
[2024-12-25T23:11:27.590+0000] {manager.py:485} INFO - Checking for new files in /opt/airflow/dags every 300 seconds
[2024-12-25T23:11:27.590+0000] {manager.py:726} INFO - Searching for files in /opt/airflow/dags
[2024-12-25T23:11:27.592+0000] {manager.py:729} INFO - There are 1 files in /opt/airflow/dags
[2024-12-25T23:11:27.629+0000] {manager.py:854} INFO - 
================================================================================
DAG File Processing Stats

File Path                                     PID  Runtime      # DAGs    # Errors  Last Runtime    Last Run
------------------------------------------  -----  ---------  --------  ----------  --------------  ----------
/opt/airflow/dags/currency_exchange_dag.py     29  0.02s             0           0
================================================================================
[2024-12-25T23:11:57.861+0000] {manager.py:854} INFO - 
================================================================================
DAG File Processing Stats

File Path                                     PID  Runtime      # DAGs    # Errors  Last Runtime    Last Run
------------------------------------------  -----  ---------  --------  ----------  --------------  -------------------
/opt/airflow/dags/currency_exchange_dag.py     30  0.01s             1           0  0.06s           2024-12-25T23:11:27
================================================================================
[2024-12-25T23:12:28.195+0000] {manager.py:854} INFO - 
================================================================================
DAG File Processing Stats

File Path                                     PID  Runtime      # DAGs    # Errors  Last Runtime    Last Run
------------------------------------------  -----  ---------  --------  ----------  --------------  -------------------
/opt/airflow/dags/currency_exchange_dag.py     31  0.01s             1           0  0.08s           2024-12-25T23:11:57
================================================================================
[2024-12-25T23:12:58.484+0000] {manager.py:854} INFO - 
================================================================================
DAG File Processing Stats

File Path                                     PID  Runtime      # DAGs    # Errors  Last Runtime    Last Run
------------------------------------------  -----  ---------  --------  ----------  --------------  -------------------
/opt/airflow/dags/currency_exchange_dag.py     32  0.01s             1           0  0.07s           2024-12-25T23:12:28
================================================================================
[2024-12-25T23:13:28.800+0000] {manager.py:854} INFO - 
================================================================================
DAG File Processing Stats

File Path                                     PID  Runtime      # DAGs    # Errors  Last Runtime    Last Run
------------------------------------------  -----  ---------  --------  ----------  --------------  -------------------
/opt/airflow/dags/currency_exchange_dag.py     33  0.01s             1           0  0.11s           2024-12-25T23:12:58
================================================================================
[2024-12-25T23:13:59.137+0000] {manager.py:854} INFO - 
================================================================================
DAG File Processing Stats

File Path                                     PID  Runtime      # DAGs    # Errors  Last Runtime    Last Run
------------------------------------------  -----  ---------  --------  ----------  --------------  -------------------
/opt/airflow/dags/currency_exchange_dag.py     34  0.01s             1           0  0.06s           2024-12-25T23:13:28
================================================================================
[2024-12-25T23:14:29.434+0000] {manager.py:854} INFO - 
================================================================================
DAG File Processing Stats

File Path                                     PID  Runtime      # DAGs    # Errors  Last Runtime    Last Run
------------------------------------------  -----  ---------  --------  ----------  --------------  -------------------
/opt/airflow/dags/currency_exchange_dag.py     35  0.01s             1           0  0.08s           2024-12-25T23:13:59
================================================================================
[2024-12-25T23:14:59.716+0000] {manager.py:854} INFO - 
================================================================================
DAG File Processing Stats

File Path                                     PID  Runtime      # DAGs    # Errors  Last Runtime    Last Run
------------------------------------------  -----  ---------  --------  ----------  --------------  -------------------
/opt/airflow/dags/currency_exchange_dag.py     36  0.01s             1           0  0.05s           2024-12-25T23:14:29
================================================================================
[2024-12-25T23:15:30.030+0000] {manager.py:854} INFO - 
================================================================================
DAG File Processing Stats

File Path                                     PID  Runtime      # DAGs    # Errors  Last Runtime    Last Run
------------------------------------------  -----  ---------  --------  ----------  --------------  -------------------
/opt/airflow/dags/currency_exchange_dag.py     37  0.01s             1           0  0.07s           2024-12-25T23:14:59
================================================================================
[2024-12-25T23:16:00.345+0000] {manager.py:854} INFO - 
================================================================================
DAG File Processing Stats

File Path                                     PID  Runtime      # DAGs    # Errors  Last Runtime    Last Run
------------------------------------------  -----  ---------  --------  ----------  --------------  -------------------
/opt/airflow/dags/currency_exchange_dag.py     38  0.01s             1           0  0.08s           2024-12-25T23:15:30
================================================================================
[2024-12-25T23:16:27.602+0000] {manager.py:726} INFO - Searching for files in /opt/airflow/dags
[2024-12-25T23:16:27.611+0000] {manager.py:729} INFO - There are 1 files in /opt/airflow/dags
[2024-12-25T23:16:30.652+0000] {manager.py:854} INFO - 
================================================================================
DAG File Processing Stats

File Path                                     PID  Runtime      # DAGs    # Errors  Last Runtime    Last Run
------------------------------------------  -----  ---------  --------  ----------  --------------  -------------------
/opt/airflow/dags/currency_exchange_dag.py     39  0.00s             1           0  0.07s           2024-12-25T23:16:00
================================================================================
[2024-12-25T23:17:00.953+0000] {manager.py:854} INFO - 
================================================================================
DAG File Processing Stats

File Path                                     PID  Runtime      # DAGs    # Errors  Last Runtime    Last Run
------------------------------------------  -----  ---------  --------  ----------  --------------  -------------------
/opt/airflow/dags/currency_exchange_dag.py     40  0.01s             1           0  0.06s           2024-12-25T23:16:30
================================================================================
[2024-12-25T23:17:31.254+0000] {manager.py:854} INFO - 
================================================================================
DAG File Processing Stats

File Path                                     PID  Runtime      # DAGs    # Errors  Last Runtime    Last Run
------------------------------------------  -----  ---------  --------  ----------  --------------  -------------------
/opt/airflow/dags/currency_exchange_dag.py     41  0.01s             1           0  0.08s           2024-12-25T23:17:01
================================================================================
[2024-12-25T23:18:01.554+0000] {manager.py:854} INFO - 
================================================================================
DAG File Processing Stats

File Path                                     PID  Runtime      # DAGs    # Errors  Last Runtime    Last Run
------------------------------------------  -----  ---------  --------  ----------  --------------  -------------------
/opt/airflow/dags/currency_exchange_dag.py     42  0.01s             1           0  0.07s           2024-12-25T23:17:31
================================================================================
[2024-12-25T23:18:04.922+0000] {manager.py:465} INFO - Exiting gracefully upon receiving signal 15
[2024-12-25T23:25:09.544+0000] {manager.py:483} INFO - Processing files using up to 2 processes at a time 
[2024-12-25T23:25:09.547+0000] {manager.py:484} INFO - Process each file at most once every 30 seconds
[2024-12-25T23:25:09.549+0000] {manager.py:485} INFO - Checking for new files in /opt/airflow/dags every 300 seconds
[2024-12-25T23:25:09.549+0000] {manager.py:726} INFO - Searching for files in /opt/airflow/dags
[2024-12-25T23:25:09.553+0000] {manager.py:729} INFO - There are 1 files in /opt/airflow/dags
[2024-12-25T23:25:09.597+0000] {manager.py:854} INFO - 
================================================================================
DAG File Processing Stats

File Path                                     PID  Runtime      # DAGs    # Errors  Last Runtime    Last Run
------------------------------------------  -----  ---------  --------  ----------  --------------  ----------
/opt/airflow/dags/currency_exchange_dag.py     29  0.03s             0           0
================================================================================
[2024-12-25T23:25:39.836+0000] {manager.py:854} INFO - 
================================================================================
DAG File Processing Stats

File Path                                     PID  Runtime      # DAGs    # Errors  Last Runtime    Last Run
------------------------------------------  -----  ---------  --------  ----------  --------------  -------------------
/opt/airflow/dags/currency_exchange_dag.py     30  0.01s             1           0  0.06s           2024-12-25T23:25:09
================================================================================
[2024-12-25T23:26:10.115+0000] {manager.py:854} INFO - 
================================================================================
DAG File Processing Stats

File Path                                     PID  Runtime      # DAGs    # Errors  Last Runtime    Last Run
------------------------------------------  -----  ---------  --------  ----------  --------------  -------------------
/opt/airflow/dags/currency_exchange_dag.py     31  0.01s             1           0  0.07s           2024-12-25T23:25:39
================================================================================
[2024-12-25T23:26:40.367+0000] {manager.py:854} INFO - 
================================================================================
DAG File Processing Stats

File Path                                     PID  Runtime      # DAGs    # Errors  Last Runtime    Last Run
------------------------------------------  -----  ---------  --------  ----------  --------------  -------------------
/opt/airflow/dags/currency_exchange_dag.py     32  0.00s             1           0  0.06s           2024-12-25T23:26:10
================================================================================
[2024-12-25T23:27:10.660+0000] {manager.py:854} INFO - 
================================================================================
DAG File Processing Stats

File Path                                     PID  Runtime      # DAGs    # Errors  Last Runtime    Last Run
------------------------------------------  -----  ---------  --------  ----------  --------------  -------------------
/opt/airflow/dags/currency_exchange_dag.py     33  0.00s             1           0  0.06s           2024-12-25T23:26:40
================================================================================
[2024-12-25T23:27:40.943+0000] {manager.py:854} INFO - 
================================================================================
DAG File Processing Stats

File Path                                     PID  Runtime      # DAGs    # Errors  Last Runtime    Last Run
------------------------------------------  -----  ---------  --------  ----------  --------------  -------------------
/opt/airflow/dags/currency_exchange_dag.py     34  0.01s             1           0  0.06s           2024-12-25T23:27:10
================================================================================
[2024-12-25T23:28:11.252+0000] {manager.py:854} INFO - 
================================================================================
DAG File Processing Stats

File Path                                     PID  Runtime      # DAGs    # Errors  Last Runtime    Last Run
------------------------------------------  -----  ---------  --------  ----------  --------------  -------------------
/opt/airflow/dags/currency_exchange_dag.py     35  0.01s             1           0  0.07s           2024-12-25T23:27:41
================================================================================
[2024-12-25T23:28:41.543+0000] {manager.py:854} INFO - 
================================================================================
DAG File Processing Stats

File Path                                     PID  Runtime      # DAGs    # Errors  Last Runtime    Last Run
------------------------------------------  -----  ---------  --------  ----------  --------------  -------------------
/opt/airflow/dags/currency_exchange_dag.py     36  0.01s             1           0  0.06s           2024-12-25T23:28:11
================================================================================
[2024-12-25T23:29:11.832+0000] {manager.py:854} INFO - 
================================================================================
DAG File Processing Stats

File Path                                     PID  Runtime      # DAGs    # Errors  Last Runtime    Last Run
------------------------------------------  -----  ---------  --------  ----------  --------------  -------------------
/opt/airflow/dags/currency_exchange_dag.py     37  0.01s             1           0  0.06s           2024-12-25T23:28:41
================================================================================
[2024-12-25T23:29:42.122+0000] {manager.py:854} INFO - 
================================================================================
DAG File Processing Stats

File Path                                     PID  Runtime      # DAGs    # Errors  Last Runtime    Last Run
------------------------------------------  -----  ---------  --------  ----------  --------------  -------------------
/opt/airflow/dags/currency_exchange_dag.py     38  0.01s             1           0  0.07s           2024-12-25T23:29:11
================================================================================
[2024-12-25T23:30:10.406+0000] {manager.py:726} INFO - Searching for files in /opt/airflow/dags
[2024-12-25T23:30:10.416+0000] {manager.py:729} INFO - There are 1 files in /opt/airflow/dags
[2024-12-25T23:30:12.445+0000] {manager.py:854} INFO - 
================================================================================
DAG File Processing Stats

File Path                                     PID  Runtime      # DAGs    # Errors  Last Runtime    Last Run
------------------------------------------  -----  ---------  --------  ----------  --------------  -------------------
/opt/airflow/dags/currency_exchange_dag.py     39  0.01s             1           0  0.07s           2024-12-25T23:29:42
================================================================================
[2024-12-25T23:30:42.719+0000] {manager.py:854} INFO - 
================================================================================
DAG File Processing Stats

File Path                                     PID  Runtime      # DAGs    # Errors  Last Runtime    Last Run
------------------------------------------  -----  ---------  --------  ----------  --------------  -------------------
/opt/airflow/dags/currency_exchange_dag.py     40  0.01s             1           0  0.06s           2024-12-25T23:30:12
================================================================================
[2024-12-25T23:31:13.024+0000] {manager.py:854} INFO - 
================================================================================
DAG File Processing Stats

File Path                                     PID  Runtime      # DAGs    # Errors  Last Runtime    Last Run
------------------------------------------  -----  ---------  --------  ----------  --------------  -------------------
/opt/airflow/dags/currency_exchange_dag.py     41  0.01s             1           0  0.06s           2024-12-25T23:30:42
================================================================================
[2024-12-25T23:31:43.333+0000] {manager.py:854} INFO - 
================================================================================
DAG File Processing Stats

File Path                                     PID  Runtime      # DAGs    # Errors  Last Runtime    Last Run
------------------------------------------  -----  ---------  --------  ----------  --------------  -------------------
/opt/airflow/dags/currency_exchange_dag.py     42  0.02s             1           0  0.08s           2024-12-25T23:31:13
================================================================================
[2024-12-25T23:32:13.588+0000] {manager.py:854} INFO - 
================================================================================
DAG File Processing Stats

File Path                                     PID  Runtime      # DAGs    # Errors  Last Runtime    Last Run
------------------------------------------  -----  ---------  --------  ----------  --------------  -------------------
/opt/airflow/dags/currency_exchange_dag.py     43  0.01s             1           0  0.13s           2024-12-25T23:31:43
================================================================================
