[2024-12-27T14:53:48.385+0000] {processor.py:153} INFO - Started process (PID=29) to work on /opt/airflow/dags/currency_exchange_dag.py
[2024-12-27T14:53:48.387+0000] {processor.py:743} INFO - Processing file /opt/airflow/dags/currency_exchange_dag.py for tasks to queue
[2024-12-27T14:53:48.388+0000] {logging_mixin.py:137} INFO - [2024-12-27T14:53:48.388+0000] {dagbag.py:538} INFO - Filling up the DagBag from /opt/airflow/dags/currency_exchange_dag.py
[2024-12-27T14:53:48.401+0000] {processor.py:753} INFO - DAG(s) dict_keys(['etl_pipeline']) retrieved from /opt/airflow/dags/currency_exchange_dag.py
[2024-12-27T14:53:48.414+0000] {logging_mixin.py:137} INFO - [2024-12-27T14:53:48.414+0000] {dag.py:2690} INFO - Sync 1 DAGs
[2024-12-27T14:53:48.424+0000] {logging_mixin.py:137} INFO - [2024-12-27T14:53:48.424+0000] {dag.py:3437} INFO - Setting next_dagrun for etl_pipeline to 2024-12-27T00:00:00+00:00, run_after=2024-12-28T00:00:00+00:00
[2024-12-27T14:53:48.434+0000] {processor.py:175} INFO - Processing /opt/airflow/dags/currency_exchange_dag.py took 0.051 seconds
[2024-12-27T14:54:18.650+0000] {processor.py:153} INFO - Started process (PID=30) to work on /opt/airflow/dags/currency_exchange_dag.py
[2024-12-27T14:54:18.650+0000] {processor.py:743} INFO - Processing file /opt/airflow/dags/currency_exchange_dag.py for tasks to queue
[2024-12-27T14:54:18.651+0000] {logging_mixin.py:137} INFO - [2024-12-27T14:54:18.651+0000] {dagbag.py:538} INFO - Filling up the DagBag from /opt/airflow/dags/currency_exchange_dag.py
[2024-12-27T14:54:18.663+0000] {processor.py:753} INFO - DAG(s) dict_keys(['etl_pipeline']) retrieved from /opt/airflow/dags/currency_exchange_dag.py
[2024-12-27T14:54:18.680+0000] {logging_mixin.py:137} INFO - [2024-12-27T14:54:18.680+0000] {dag.py:2690} INFO - Sync 1 DAGs
[2024-12-27T14:54:18.690+0000] {logging_mixin.py:137} INFO - [2024-12-27T14:54:18.689+0000] {dag.py:3437} INFO - Setting next_dagrun for etl_pipeline to 2024-12-27T00:00:00+00:00, run_after=2024-12-28T00:00:00+00:00
[2024-12-27T14:54:18.697+0000] {processor.py:175} INFO - Processing /opt/airflow/dags/currency_exchange_dag.py took 0.050 seconds
[2024-12-27T14:54:48.913+0000] {processor.py:153} INFO - Started process (PID=31) to work on /opt/airflow/dags/currency_exchange_dag.py
[2024-12-27T14:54:48.913+0000] {processor.py:743} INFO - Processing file /opt/airflow/dags/currency_exchange_dag.py for tasks to queue
[2024-12-27T14:54:48.914+0000] {logging_mixin.py:137} INFO - [2024-12-27T14:54:48.914+0000] {dagbag.py:538} INFO - Filling up the DagBag from /opt/airflow/dags/currency_exchange_dag.py
[2024-12-27T14:54:48.927+0000] {processor.py:753} INFO - DAG(s) dict_keys(['etl_pipeline']) retrieved from /opt/airflow/dags/currency_exchange_dag.py
[2024-12-27T14:54:48.944+0000] {logging_mixin.py:137} INFO - [2024-12-27T14:54:48.944+0000] {dag.py:2690} INFO - Sync 1 DAGs
[2024-12-27T14:54:48.953+0000] {logging_mixin.py:137} INFO - [2024-12-27T14:54:48.953+0000] {dag.py:3437} INFO - Setting next_dagrun for etl_pipeline to 2024-12-27T00:00:00+00:00, run_after=2024-12-28T00:00:00+00:00
[2024-12-27T14:54:48.960+0000] {processor.py:175} INFO - Processing /opt/airflow/dags/currency_exchange_dag.py took 0.051 seconds
