[2024-12-27T14:53:51.326+0000] {taskinstance.py:1083} INFO - Dependencies all met for <TaskInstance: etl_pipeline.run_currency_exchange_etl scheduled__2024-12-26T00:00:00+00:00 [queued]>
[2024-12-27T14:53:51.350+0000] {taskinstance.py:1083} INFO - Dependencies all met for <TaskInstance: etl_pipeline.run_currency_exchange_etl scheduled__2024-12-26T00:00:00+00:00 [queued]>
[2024-12-27T14:53:51.353+0000] {taskinstance.py:1279} INFO - 
--------------------------------------------------------------------------------
[2024-12-27T14:53:51.355+0000] {taskinstance.py:1280} INFO - Starting attempt 1 of 2
[2024-12-27T14:53:51.355+0000] {taskinstance.py:1281} INFO - 
--------------------------------------------------------------------------------
[2024-12-27T14:53:51.359+0000] {taskinstance.py:1300} INFO - Executing <Task(BashOperator): run_currency_exchange_etl> on 2024-12-26 00:00:00+00:00
[2024-12-27T14:53:51.361+0000] {standard_task_runner.py:55} INFO - Started process 49 to run task
[2024-12-27T14:53:51.362+0000] {standard_task_runner.py:82} INFO - Running: ['airflow', 'tasks', 'run', 'etl_pipeline', 'run_currency_exchange_etl', 'scheduled__2024-12-26T00:00:00+00:00', '--job-id', '44', '--raw', '--subdir', 'DAGS_FOLDER/currency_exchange_dag.py', '--cfg-path', '/tmp/tmp0pafkwbm']
[2024-12-27T14:53:51.363+0000] {standard_task_runner.py:83} INFO - Job 44: Subtask run_currency_exchange_etl
[2024-12-27T14:53:51.370+0000] {warnings.py:109} WARNING - /home/airflow/.local/lib/python3.9/site-packages/airflow/settings.py:249: DeprecationWarning: The sql_alchemy_conn option in [core] has been moved to the sql_alchemy_conn option in [database] - the old setting has been used, but please update your config.
  SQL_ALCHEMY_CONN = conf.get("database", "SQL_ALCHEMY_CONN")

[2024-12-27T14:53:51.382+0000] {warnings.py:109} WARNING - /home/airflow/.local/lib/python3.9/site-packages/airflow/utils/sqlalchemy.py:124: DeprecationWarning: The sql_alchemy_conn option in [core] has been moved to the sql_alchemy_conn option in [database] - the old setting has been used, but please update your config.
  return not conf.get("database", "sql_alchemy_conn").startswith("mssql")

[2024-12-27T14:53:51.398+0000] {task_command.py:388} INFO - Running <TaskInstance: etl_pipeline.run_currency_exchange_etl scheduled__2024-12-26T00:00:00+00:00 [running]> on host 402972167e5a
[2024-12-27T14:53:51.428+0000] {taskinstance.py:1507} INFO - Exporting the following env vars:
AIRFLOW_CTX_DAG_OWNER=airflow
AIRFLOW_CTX_DAG_ID=etl_pipeline
AIRFLOW_CTX_TASK_ID=run_currency_exchange_etl
AIRFLOW_CTX_EXECUTION_DATE=2024-12-26T00:00:00+00:00
AIRFLOW_CTX_TRY_NUMBER=1
AIRFLOW_CTX_DAG_RUN_ID=scheduled__2024-12-26T00:00:00+00:00
[2024-12-27T14:53:51.429+0000] {subprocess.py:63} INFO - Tmp dir root location: 
 /tmp
[2024-12-27T14:53:51.429+0000] {subprocess.py:75} INFO - Running command: ['/bin/bash', '-c', 'python /opt/airflow/dags/currency_exchange_etl.py']
[2024-12-27T14:53:51.432+0000] {subprocess.py:86} INFO - Output:
[2024-12-27T14:53:51.735+0000] {subprocess.py:93} INFO - USD INR 85.393 2024-12-27 UTC 85.3913 85.3937
[2024-12-27T14:53:51.735+0000] {subprocess.py:93} INFO - Connected to the database successfully!
[2024-12-27T14:53:51.737+0000] {subprocess.py:93} INFO - Schema and table ensured.
[2024-12-27T14:53:51.737+0000] {subprocess.py:93} INFO - Data inserted successfully!
[2024-12-27T14:53:51.744+0000] {subprocess.py:97} INFO - Command exited with return code 0
[2024-12-27T14:53:51.758+0000] {taskinstance.py:1318} INFO - Marking task as SUCCESS. dag_id=etl_pipeline, task_id=run_currency_exchange_etl, execution_date=20241226T000000, start_date=20241227T145351, end_date=20241227T145351
[2024-12-27T14:53:51.794+0000] {local_task_job.py:208} INFO - Task exited with return code 0
[2024-12-27T14:53:51.802+0000] {taskinstance.py:2578} INFO - 0 downstream tasks scheduled from follow-on schedule check
